This file contains any messages produced by compilers while
running configure, to aid debugging if configure makes a mistake.

It was created by libjpeg-turbo configure 1.5.3, which was
generated by GNU Autoconf 2.69.  Invocation command line was

  $ ./configure --prefix=/Users/jett/Workspace/Git/libjpeg-turbo-iOS/build/iPhoneOS12.2-arm64.sdk --build x86_64-apple-darwin --host arm-apple-darwin --enable-static --disable-shared --disable-silent-rules --with-pic --with-sysroot /Applications/Xcode.app/Contents/Developer/Platforms/iPhoneOS.platform/Developer/SDKs/iPhoneOS12.2.sdk CC=/Applications/Xcode.app/Contents/Developer/Toolchains/XcodeDefault.xctoolchain/usr/bin/clang LD=/Applications/Xcode.app/Contents/Developer/Toolchains/XcodeDefault.xctoolchain/usr/bin/clang CFLAGS=-isysroot /Applications/Xcode.app/Contents/Developer/Platforms/iPhoneOS.platform/Developer/SDKs/iPhoneOS12.2.sdk -arch arm64 -I/Library/Developer/CommandLineTools/Toolchains/XcodeDefault.xctoolchain/usr/include -miphoneos-version-min=8.0 -DUSE_FILE32API -O3 -DNDEBUG  LDFLAGS=-isysroot /Applications/Xcode.app/Contents/Developer/Platforms/iPhoneOS.platform/Developer/SDKs/iPhoneOS12.2.sdk -arch arm64 -I/Library/Developer/CommandLineTools/Toolchains/XcodeDefault.xctoolchain/usr/include -miphoneos-version-min=8.0 

## --------- ##
## Platform. ##
## --------- ##

hostname = Jetts-MBP.local
uname -m = x86_64
uname -r = 18.5.0
uname -s = Darwin
uname -v = Darwin Kernel Version 18.5.0: Mon Mar 11 20:40:32 PDT 2019; root:xnu-4903.251.3~3/RELEASE_X86_64

/usr/bin/uname -p = i386
/bin/uname -X     = unknown

/bin/arch              = unknown
/usr/bin/arch -k       = unknown
/usr/convex/getsysinfo = unknown
/usr/bin/hostinfo      = Mach kernel version:
	 Darwin Kernel Version 18.5.0: Mon Mar 11 20:40:32 PDT 2019; root:xnu-4903.251.3~3/RELEASE_X86_64
Kernel configured for up to 4 processors.
2 processors are physically available.
4 processors are logically available.
Processor type: x86_64h (Intel x86-64h Haswell)
Processors active: 0 1 2 3
Primary memory available: 8.00 gigabytes
Default processor set: 289 tasks, 1006 threads, 4 processors
Load average: 2.44, Mach factor: 1.76
/bin/machine           = unknown
/usr/bin/oslevel       = unknown
/bin/universe          = unknown

PATH: /usr/bin
PATH: /Library/Developer/CommandLineTools/Platforms/iPhoneOS.platform/Developer/usr/bin
PATH: /Library/Developer/CommandLineTools/usr/bin
PATH: /usr/bin
PATH: /bin
PATH: /usr/sbin
PATH: /sbin


## ----------- ##
## Core tests. ##
## ----------- ##

configure:2666: checking for a BSD-compatible install
configure:2734: result: /usr/bin/install -c
configure:2745: checking whether build environment is sane
configure:2800: result: yes
configure:2859: checking for arm-apple-darwin-strip
configure:2889: result: no
configure:2899: checking for strip
configure:2915: found /usr/bin/strip
configure:2926: result: strip
configure:2938: WARNING: using cross tools not prefixed with host triplet
configure:2951: checking for a thread-safe mkdir -p
configure:2990: result: ./install-sh -c -d
configure:2997: checking for gawk
configure:3027: result: no
configure:2997: checking for mawk
configure:3027: result: no
configure:2997: checking for nawk
configure:3027: result: no
configure:2997: checking for awk
configure:3013: found /usr/bin/awk
configure:3024: result: awk
configure:3035: checking whether make sets $(MAKE)
configure:3057: result: yes
configure:3086: checking whether make supports nested variables
configure:3103: result: yes
configure:3242: checking whether make supports nested variables
configure:3259: result: yes
configure:3278: checking whether make supports the include directive
configure:3293: make -f confmf.GNU && cat confinc.out
this is the am__doit target
configure:3296: $? = 0
configure:3315: result: yes (GNU style)
configure:3345: checking for arm-apple-darwin-gcc
configure:3372: result: /Applications/Xcode.app/Contents/Developer/Toolchains/XcodeDefault.xctoolchain/usr/bin/clang
configure:3641: checking for C compiler version
configure:3650: /Applications/Xcode.app/Contents/Developer/Toolchains/XcodeDefault.xctoolchain/usr/bin/clang --version >&5
Apple LLVM version 10.0.1 (clang-1001.0.46.4)
Target: x86_64-apple-darwin18.5.0
Thread model: posix
InstalledDir: /Applications/Xcode.app/Contents/Developer/Toolchains/XcodeDefault.xctoolchain/usr/bin
configure:3661: $? = 0
configure:3650: /Applications/Xcode.app/Contents/Developer/Toolchains/XcodeDefault.xctoolchain/usr/bin/clang -v >&5
Apple LLVM version 10.0.1 (clang-1001.0.46.4)
Target: x86_64-apple-darwin18.5.0
Thread model: posix
InstalledDir: /Applications/Xcode.app/Contents/Developer/Toolchains/XcodeDefault.xctoolchain/usr/bin
configure:3661: $? = 0
configure:3650: /Applications/Xcode.app/Contents/Developer/Toolchains/XcodeDefault.xctoolchain/usr/bin/clang -V >&5
clang: error: unsupported option '-V -Wno-atomic-implicit-seq-cst'
clang: error: no input files
configure:3661: $? = 1
configure:3650: /Applications/Xcode.app/Contents/Developer/Toolchains/XcodeDefault.xctoolchain/usr/bin/clang -qversion >&5
clang: error: unknown argument '-qversion', did you mean '--version'?
clang: error: no input files
configure:3661: $? = 1
configure:3681: checking whether the C compiler works
configure:3703: /Applications/Xcode.app/Contents/Developer/Toolchains/XcodeDefault.xctoolchain/usr/bin/clang -isysroot /Applications/Xcode.app/Contents/Developer/Platforms/iPhoneOS.platform/Developer/SDKs/iPhoneOS12.2.sdk -arch arm64 -I/Library/Developer/CommandLineTools/Toolchains/XcodeDefault.xctoolchain/usr/include -miphoneos-version-min=8.0 -DUSE_FILE32API -O3 -DNDEBUG   -isysroot /Applications/Xcode.app/Contents/Developer/Platforms/iPhoneOS.platform/Developer/SDKs/iPhoneOS12.2.sdk -arch arm64 -I/Library/Developer/CommandLineTools/Toolchains/XcodeDefault.xctoolchain/usr/include -miphoneos-version-min=8.0  conftest.c  >&5
configure:3707: $? = 0
configure:3755: result: yes
configure:3758: checking for C compiler default output file name
configure:3760: result: a.out
configure:3766: checking for suffix of executables
configure:3773: /Applications/Xcode.app/Contents/Developer/Toolchains/XcodeDefault.xctoolchain/usr/bin/clang -o conftest -isysroot /Applications/Xcode.app/Contents/Developer/Platforms/iPhoneOS.platform/Developer/SDKs/iPhoneOS12.2.sdk -arch arm64 -I/Library/Developer/CommandLineTools/Toolchains/XcodeDefault.xctoolchain/usr/include -miphoneos-version-min=8.0 -DUSE_FILE32API -O3 -DNDEBUG   -isysroot /Applications/Xcode.app/Contents/Developer/Platforms/iPhoneOS.platform/Developer/SDKs/iPhoneOS12.2.sdk -arch arm64 -I/Library/Developer/CommandLineTools/Toolchains/XcodeDefault.xctoolchain/usr/include -miphoneos-version-min=8.0  conftest.c  >&5
configure:3777: $? = 0
configure:3799: result: 
configure:3821: checking whether we are cross compiling
configure:3859: result: yes
configure:3864: checking for suffix of object files
configure:3886: /Applications/Xcode.app/Contents/Developer/Toolchains/XcodeDefault.xctoolchain/usr/bin/clang -c -isysroot /Applications/Xcode.app/Contents/Developer/Platforms/iPhoneOS.platform/Developer/SDKs/iPhoneOS12.2.sdk -arch arm64 -I/Library/Developer/CommandLineTools/Toolchains/XcodeDefault.xctoolchain/usr/include -miphoneos-version-min=8.0 -DUSE_FILE32API -O3 -DNDEBUG   conftest.c >&5
configure:3890: $? = 0
configure:3911: result: o
configure:3915: checking whether we are using the GNU C compiler
configure:3934: /Applications/Xcode.app/Contents/Developer/Toolchains/XcodeDefault.xctoolchain/usr/bin/clang -c -isysroot /Applications/Xcode.app/Contents/Developer/Platforms/iPhoneOS.platform/Developer/SDKs/iPhoneOS12.2.sdk -arch arm64 -I/Library/Developer/CommandLineTools/Toolchains/XcodeDefault.xctoolchain/usr/include -miphoneos-version-min=8.0 -DUSE_FILE32API -O3 -DNDEBUG   conftest.c >&5
configure:3934: $? = 0
configure:3943: result: yes
configure:3952: checking whether /Applications/Xcode.app/Contents/Developer/Toolchains/XcodeDefault.xctoolchain/usr/bin/clang accepts -g
configure:3972: /Applications/Xcode.app/Contents/Developer/Toolchains/XcodeDefault.xctoolchain/usr/bin/clang -c -g  conftest.c >&5
configure:3972: $? = 0
configure:4013: result: yes
configure:4030: checking for /Applications/Xcode.app/Contents/Developer/Toolchains/XcodeDefault.xctoolchain/usr/bin/clang option to accept ISO C89
configure:4093: /Applications/Xcode.app/Contents/Developer/Toolchains/XcodeDefault.xctoolchain/usr/bin/clang  -c -isysroot /Applications/Xcode.app/Contents/Developer/Platforms/iPhoneOS.platform/Developer/SDKs/iPhoneOS12.2.sdk -arch arm64 -I/Library/Developer/CommandLineTools/Toolchains/XcodeDefault.xctoolchain/usr/include -miphoneos-version-min=8.0 -DUSE_FILE32API -O3 -DNDEBUG   conftest.c >&5
configure:4093: $? = 0
configure:4106: result: none needed
configure:4131: checking whether /Applications/Xcode.app/Contents/Developer/Toolchains/XcodeDefault.xctoolchain/usr/bin/clang understands -c and -o together
configure:4153: /Applications/Xcode.app/Contents/Developer/Toolchains/XcodeDefault.xctoolchain/usr/bin/clang -c conftest.c -o conftest2.o
configure:4156: $? = 0
configure:4153: /Applications/Xcode.app/Contents/Developer/Toolchains/XcodeDefault.xctoolchain/usr/bin/clang -c conftest.c -o conftest2.o
configure:4156: $? = 0
configure:4168: result: yes
configure:4187: checking dependency style of /Applications/Xcode.app/Contents/Developer/Toolchains/XcodeDefault.xctoolchain/usr/bin/clang
configure:4298: result: gcc3
configure:4318: checking how to run the C preprocessor
configure:4349: /Applications/Xcode.app/Contents/Developer/Toolchains/XcodeDefault.xctoolchain/usr/bin/clang -E  conftest.c
configure:4349: $? = 0
configure:4363: /Applications/Xcode.app/Contents/Developer/Toolchains/XcodeDefault.xctoolchain/usr/bin/clang -E  conftest.c
conftest.c:11:10: fatal error: 'ac_nonexistent.h' file not found
#include <ac_nonexistent.h>
         ^~~~~~~~~~~~~~~~~~
1 error generated.
configure:4363: $? = 1
configure: failed program was:
| /* confdefs.h */
| #define PACKAGE_NAME "libjpeg-turbo"
| #define PACKAGE_TARNAME "libjpeg-turbo"
| #define PACKAGE_VERSION "1.5.3"
| #define PACKAGE_STRING "libjpeg-turbo 1.5.3"
| #define PACKAGE_BUGREPORT ""
| #define PACKAGE_URL ""
| #define PACKAGE "libjpeg-turbo"
| #define VERSION "1.5.3"
| /* end confdefs.h.  */
| #include <ac_nonexistent.h>
configure:4388: result: /Applications/Xcode.app/Contents/Developer/Toolchains/XcodeDefault.xctoolchain/usr/bin/clang -E
configure:4408: /Applications/Xcode.app/Contents/Developer/Toolchains/XcodeDefault.xctoolchain/usr/bin/clang -E  conftest.c
configure:4408: $? = 0
configure:4422: /Applications/Xcode.app/Contents/Developer/Toolchains/XcodeDefault.xctoolchain/usr/bin/clang -E  conftest.c
conftest.c:11:10: fatal error: 'ac_nonexistent.h' file not found
#include <ac_nonexistent.h>
         ^~~~~~~~~~~~~~~~~~
1 error generated.
configure:4422: $? = 1
configure: failed program was:
| /* confdefs.h */
| #define PACKAGE_NAME "libjpeg-turbo"
| #define PACKAGE_TARNAME "libjpeg-turbo"
| #define PACKAGE_VERSION "1.5.3"
| #define PACKAGE_STRING "libjpeg-turbo 1.5.3"
| #define PACKAGE_BUGREPORT ""
| #define PACKAGE_URL ""
| #define PACKAGE "libjpeg-turbo"
| #define VERSION "1.5.3"
| /* end confdefs.h.  */
| #include <ac_nonexistent.h>
configure:4458: checking for arm-apple-darwin-gcc
configure:4485: result: /Applications/Xcode.app/Contents/Developer/Toolchains/XcodeDefault.xctoolchain/usr/bin/clang
configure:4754: checking for C compiler version
configure:4763: /Applications/Xcode.app/Contents/Developer/Toolchains/XcodeDefault.xctoolchain/usr/bin/clang --version >&5
Apple LLVM version 10.0.1 (clang-1001.0.46.4)
Target: x86_64-apple-darwin18.5.0
Thread model: posix
InstalledDir: /Applications/Xcode.app/Contents/Developer/Toolchains/XcodeDefault.xctoolchain/usr/bin
configure:4774: $? = 0
configure:4763: /Applications/Xcode.app/Contents/Developer/Toolchains/XcodeDefault.xctoolchain/usr/bin/clang -v >&5
Apple LLVM version 10.0.1 (clang-1001.0.46.4)
Target: x86_64-apple-darwin18.5.0
Thread model: posix
InstalledDir: /Applications/Xcode.app/Contents/Developer/Toolchains/XcodeDefault.xctoolchain/usr/bin
configure:4774: $? = 0
configure:4763: /Applications/Xcode.app/Contents/Developer/Toolchains/XcodeDefault.xctoolchain/usr/bin/clang -V >&5
clang: error: unsupported option '-V -Wno-atomic-implicit-seq-cst'
clang: error: no input files
configure:4774: $? = 1
configure:4763: /Applications/Xcode.app/Contents/Developer/Toolchains/XcodeDefault.xctoolchain/usr/bin/clang -qversion >&5
clang: error: unknown argument '-qversion', did you mean '--version'?
clang: error: no input files
configure:4774: $? = 1
configure:4778: checking whether we are using the GNU C compiler
configure:4806: result: yes
configure:4815: checking whether /Applications/Xcode.app/Contents/Developer/Toolchains/XcodeDefault.xctoolchain/usr/bin/clang accepts -g
configure:4876: result: yes
configure:4893: checking for /Applications/Xcode.app/Contents/Developer/Toolchains/XcodeDefault.xctoolchain/usr/bin/clang option to accept ISO C89
configure:4969: result: none needed
configure:4994: checking whether /Applications/Xcode.app/Contents/Developer/Toolchains/XcodeDefault.xctoolchain/usr/bin/clang understands -c and -o together
configure:5031: result: yes
configure:5050: checking dependency style of /Applications/Xcode.app/Contents/Developer/Toolchains/XcodeDefault.xctoolchain/usr/bin/clang
configure:5161: result: gcc3
configure:5182: checking for arm-apple-darwin-ar
configure:5212: result: no
configure:5182: checking for arm-apple-darwin-lib
configure:5212: result: no
configure:5182: checking for arm-apple-darwin-link
configure:5212: result: no
configure:5226: checking for ar
configure:5242: found /usr/bin/ar
configure:5253: result: ar
configure:5279: checking the archiver (ar) interface
configure:5295: /Applications/Xcode.app/Contents/Developer/Toolchains/XcodeDefault.xctoolchain/usr/bin/clang -c -isysroot /Applications/Xcode.app/Contents/Developer/Platforms/iPhoneOS.platform/Developer/SDKs/iPhoneOS12.2.sdk -arch arm64 -I/Library/Developer/CommandLineTools/Toolchains/XcodeDefault.xctoolchain/usr/include -miphoneos-version-min=8.0 -DUSE_FILE32API -O3 -DNDEBUG   conftest.c >&5
configure:5295: $? = 0
configure:5297: ar cru libconftest.a conftest.o >&5
configure:5300: $? = 0
configure:5328: result: ar
configure:5357: checking dependency style of /Applications/Xcode.app/Contents/Developer/Toolchains/XcodeDefault.xctoolchain/usr/bin/clang
configure:5466: result: gcc3
configure:5512: checking build system type
configure:5526: result: x86_64-apple-darwin
configure:5546: checking host system type
configure:5559: result: arm-apple-darwin
configure:5600: checking how to print strings
configure:5627: result: printf
configure:5648: checking for a sed that does not truncate output
configure:5712: result: /usr/bin/sed
configure:5730: checking for grep that handles long lines and -e
configure:5788: result: /usr/bin/grep
configure:5793: checking for egrep
configure:5855: result: /usr/bin/grep -E
configure:5860: checking for fgrep
configure:5922: result: /usr/bin/grep -F
configure:5957: checking for ld used by /Applications/Xcode.app/Contents/Developer/Toolchains/XcodeDefault.xctoolchain/usr/bin/clang
configure:6024: result: /Applications/Xcode.app/Contents/Developer/Toolchains/XcodeDefault.xctoolchain/usr/bin/clang
configure:6031: checking if the linker (/Applications/Xcode.app/Contents/Developer/Toolchains/XcodeDefault.xctoolchain/usr/bin/clang) is GNU ld
configure:6046: result: no
configure:6058: checking for BSD- or MS-compatible name lister (nm)
configure:6112: result: no
configure:6126: checking for arm-apple-darwin-dumpbin
configure:6156: result: no
configure:6126: checking for arm-apple-darwin-link
configure:6156: result: no
configure:6170: checking for dumpbin
configure:6200: result: no
configure:6170: checking for link
configure:6186: found /bin/link
configure:6197: result: link -dump
configure:6242: checking the name lister (nm) interface
configure:6249: /Applications/Xcode.app/Contents/Developer/Toolchains/XcodeDefault.xctoolchain/usr/bin/clang -c -isysroot /Applications/Xcode.app/Contents/Developer/Platforms/iPhoneOS.platform/Developer/SDKs/iPhoneOS12.2.sdk -arch arm64 -I/Library/Developer/CommandLineTools/Toolchains/XcodeDefault.xctoolchain/usr/include -miphoneos-version-min=8.0 -DUSE_FILE32API -O3 -DNDEBUG   conftest.c >&5
configure:6252: nm "conftest.o"
configure:6255: output
0000000000000000 S _some_variable
0000000000000000 t ltmp0
0000000000000000 s ltmp1
configure:6262: result: BSD nm
configure:6265: checking whether ln -s works
configure:6269: result: yes
configure:6277: checking the maximum length of command line arguments
configure:6408: result: 196608
configure:6456: checking how to convert x86_64-apple-darwin file names to arm-apple-darwin format
configure:6496: result: func_convert_file_noop
configure:6503: checking how to convert x86_64-apple-darwin file names to toolchain format
configure:6523: result: func_convert_file_noop
configure:6530: checking for /Applications/Xcode.app/Contents/Developer/Toolchains/XcodeDefault.xctoolchain/usr/bin/clang option to reload object files
configure:6537: result: -r
configure:6571: checking for arm-apple-darwin-objdump
configure:6601: result: no
configure:6611: checking for objdump
configure:6627: found /usr/bin/objdump
configure:6638: result: objdump
configure:6670: checking how to recognize dependent libraries
configure:6870: result: pass_all
configure:6915: checking for arm-apple-darwin-dlltool
configure:6945: result: no
configure:6955: checking for dlltool
configure:6985: result: no
configure:7015: checking how to associate runtime and link libraries
configure:7042: result: printf %s\n
configure:7058: checking for arm-apple-darwin-ar
configure:7085: result: ar
configure:7166: checking for archiver @FILE support
configure:7183: /Applications/Xcode.app/Contents/Developer/Toolchains/XcodeDefault.xctoolchain/usr/bin/clang -c -isysroot /Applications/Xcode.app/Contents/Developer/Platforms/iPhoneOS.platform/Developer/SDKs/iPhoneOS12.2.sdk -arch arm64 -I/Library/Developer/CommandLineTools/Toolchains/XcodeDefault.xctoolchain/usr/include -miphoneos-version-min=8.0 -DUSE_FILE32API -O3 -DNDEBUG   conftest.c >&5
configure:7183: $? = 0
configure:7186: ar cru libconftest.a @conftest.lst >&5
ar: @conftest.lst: No such file or directory
configure:7189: $? = 1
configure:7209: result: no
configure:7227: checking for arm-apple-darwin-strip
configure:7254: result: strip
configure:7326: checking for arm-apple-darwin-ranlib
configure:7356: result: no
configure:7366: checking for ranlib
configure:7382: found /usr/bin/ranlib
configure:7393: result: ranlib
configure:7495: checking command to parse nm output from /Applications/Xcode.app/Contents/Developer/Toolchains/XcodeDefault.xctoolchain/usr/bin/clang object
configure:7648: /Applications/Xcode.app/Contents/Developer/Toolchains/XcodeDefault.xctoolchain/usr/bin/clang -c -isysroot /Applications/Xcode.app/Contents/Developer/Platforms/iPhoneOS.platform/Developer/SDKs/iPhoneOS12.2.sdk -arch arm64 -I/Library/Developer/CommandLineTools/Toolchains/XcodeDefault.xctoolchain/usr/include -miphoneos-version-min=8.0 -DUSE_FILE32API -O3 -DNDEBUG   conftest.c >&5
configure:7651: $? = 0
configure:7655: nm conftest.o \| sed -n -e 's/^.*[ ]\([BCDEGRST][BCDEGRST]*\)[ ][ ]*\([_A-Za-z][_A-Za-z0-9]*\)$/\1 \2 \2/p' | sed '/ __gnu_lto/d' \> conftest.nm
configure:7658: $? = 0
cannot find nm_test_var in conftest.nm
configure:7648: /Applications/Xcode.app/Contents/Developer/Toolchains/XcodeDefault.xctoolchain/usr/bin/clang -c -isysroot /Applications/Xcode.app/Contents/Developer/Platforms/iPhoneOS.platform/Developer/SDKs/iPhoneOS12.2.sdk -arch arm64 -I/Library/Developer/CommandLineTools/Toolchains/XcodeDefault.xctoolchain/usr/include -miphoneos-version-min=8.0 -DUSE_FILE32API -O3 -DNDEBUG   conftest.c >&5
configure:7651: $? = 0
configure:7655: nm conftest.o \| sed -n -e 's/^.*[ ]\([BCDEGRST][BCDEGRST]*\)[ ][ ]*_\([_A-Za-z][_A-Za-z0-9]*\)$/\1 _\2 \2/p' | sed '/ __gnu_lto/d' \> conftest.nm
configure:7658: $? = 0
configure:7724: /Applications/Xcode.app/Contents/Developer/Toolchains/XcodeDefault.xctoolchain/usr/bin/clang -o conftest -isysroot /Applications/Xcode.app/Contents/Developer/Platforms/iPhoneOS.platform/Developer/SDKs/iPhoneOS12.2.sdk -arch arm64 -I/Library/Developer/CommandLineTools/Toolchains/XcodeDefault.xctoolchain/usr/include -miphoneos-version-min=8.0 -DUSE_FILE32API -O3 -DNDEBUG   -isysroot /Applications/Xcode.app/Contents/Developer/Platforms/iPhoneOS.platform/Developer/SDKs/iPhoneOS12.2.sdk -arch arm64 -I/Library/Developer/CommandLineTools/Toolchains/XcodeDefault.xctoolchain/usr/include -miphoneos-version-min=8.0  conftest.c conftstm.o >&5
configure:7727: $? = 0
configure:7765: result: ok
configure:7812: checking for sysroot
configure:7842: result: no
configure:7849: checking for a working dd
configure:7887: result: /bin/dd
configure:7891: checking how to truncate binary pipes
configure:7906: result: /bin/dd bs=4096 count=1
configure:8195: checking for arm-apple-darwin-mt
configure:8225: result: no
configure:8235: checking for mt
configure:8265: result: no
configure:8285: checking if : is a manifest tool
configure:8291: : '-?'
configure:8299: result: no
configure:8315: checking for arm-apple-darwin-dsymutil
configure:8345: result: no
configure:8355: checking for dsymutil
configure:8371: found /usr/bin/dsymutil
configure:8382: result: dsymutil
configure:8407: checking for arm-apple-darwin-nmedit
configure:8437: result: no
configure:8447: checking for nmedit
configure:8463: found /usr/bin/nmedit
configure:8474: result: nmedit
configure:8499: checking for arm-apple-darwin-lipo
configure:8529: result: no
configure:8539: checking for lipo
configure:8555: found /usr/bin/lipo
configure:8566: result: lipo
configure:8591: checking for arm-apple-darwin-otool
configure:8621: result: no
configure:8631: checking for otool
configure:8647: found /usr/bin/otool
configure:8658: result: otool
configure:8683: checking for arm-apple-darwin-otool64
configure:8713: result: no
configure:8723: checking for otool64
configure:8753: result: no
configure:8798: checking for -single_module linker flag
/Applications/Xcode.app/Contents/Developer/Toolchains/XcodeDefault.xctoolchain/usr/bin/clang -isysroot /Applications/Xcode.app/Contents/Developer/Platforms/iPhoneOS.platform/Developer/SDKs/iPhoneOS12.2.sdk -arch arm64 -I/Library/Developer/CommandLineTools/Toolchains/XcodeDefault.xctoolchain/usr/include -miphoneos-version-min=8.0 -DUSE_FILE32API -O3 -DNDEBUG  -isysroot /Applications/Xcode.app/Contents/Developer/Platforms/iPhoneOS.platform/Developer/SDKs/iPhoneOS12.2.sdk -arch arm64 -I/Library/Developer/CommandLineTools/Toolchains/XcodeDefault.xctoolchain/usr/include -miphoneos-version-min=8.0  -o libconftest.dylib -dynamiclib -Wl,-single_module conftest.c
configure:8831: result: yes
configure:8834: checking for -exported_symbols_list linker flag
configure:8854: /Applications/Xcode.app/Contents/Developer/Toolchains/XcodeDefault.xctoolchain/usr/bin/clang -o conftest -isysroot /Applications/Xcode.app/Contents/Developer/Platforms/iPhoneOS.platform/Developer/SDKs/iPhoneOS12.2.sdk -arch arm64 -I/Library/Developer/CommandLineTools/Toolchains/XcodeDefault.xctoolchain/usr/include -miphoneos-version-min=8.0 -DUSE_FILE32API -O3 -DNDEBUG   -isysroot /Applications/Xcode.app/Contents/Developer/Platforms/iPhoneOS.platform/Developer/SDKs/iPhoneOS12.2.sdk -arch arm64 -I/Library/Developer/CommandLineTools/Toolchains/XcodeDefault.xctoolchain/usr/include -miphoneos-version-min=8.0  -Wl,-exported_symbols_list,conftest.sym conftest.c  >&5
configure:8854: $? = 0
configure:8864: result: yes
configure:8867: checking for -force_load linker flag
/Applications/Xcode.app/Contents/Developer/Toolchains/XcodeDefault.xctoolchain/usr/bin/clang -isysroot /Applications/Xcode.app/Contents/Developer/Platforms/iPhoneOS.platform/Developer/SDKs/iPhoneOS12.2.sdk -arch arm64 -I/Library/Developer/CommandLineTools/Toolchains/XcodeDefault.xctoolchain/usr/include -miphoneos-version-min=8.0 -DUSE_FILE32API -O3 -DNDEBUG  -c -o conftest.o conftest.c
ar cru libconftest.a conftest.o
ranlib libconftest.a
/Applications/Xcode.app/Contents/Developer/Toolchains/XcodeDefault.xctoolchain/usr/bin/clang -isysroot /Applications/Xcode.app/Contents/Developer/Platforms/iPhoneOS.platform/Developer/SDKs/iPhoneOS12.2.sdk -arch arm64 -I/Library/Developer/CommandLineTools/Toolchains/XcodeDefault.xctoolchain/usr/include -miphoneos-version-min=8.0 -DUSE_FILE32API -O3 -DNDEBUG  -isysroot /Applications/Xcode.app/Contents/Developer/Platforms/iPhoneOS.platform/Developer/SDKs/iPhoneOS12.2.sdk -arch arm64 -I/Library/Developer/CommandLineTools/Toolchains/XcodeDefault.xctoolchain/usr/include -miphoneos-version-min=8.0  -o conftest conftest.c -Wl,-force_load,./libconftest.a
configure:8899: result: yes
configure:8972: checking for ANSI C header files
configure:8992: /Applications/Xcode.app/Contents/Developer/Toolchains/XcodeDefault.xctoolchain/usr/bin/clang -c -isysroot /Applications/Xcode.app/Contents/Developer/Platforms/iPhoneOS.platform/Developer/SDKs/iPhoneOS12.2.sdk -arch arm64 -I/Library/Developer/CommandLineTools/Toolchains/XcodeDefault.xctoolchain/usr/include -miphoneos-version-min=8.0 -DUSE_FILE32API -O3 -DNDEBUG   conftest.c >&5
configure:8992: $? = 0
conftest.c:11:10: fatal error: 'string.h' file not found
#include <string.h>
         ^~~~~~~~~~
1 error generated.
configure:9076: result: no
configure:9089: checking for sys/types.h
configure:9089: /Applications/Xcode.app/Contents/Developer/Toolchains/XcodeDefault.xctoolchain/usr/bin/clang -c -isysroot /Applications/Xcode.app/Contents/Developer/Platforms/iPhoneOS.platform/Developer/SDKs/iPhoneOS12.2.sdk -arch arm64 -I/Library/Developer/CommandLineTools/Toolchains/XcodeDefault.xctoolchain/usr/include -miphoneos-version-min=8.0 -DUSE_FILE32API -O3 -DNDEBUG   conftest.c >&5
configure:9089: $? = 0
configure:9089: result: yes
configure:9089: checking for sys/stat.h
configure:9089: /Applications/Xcode.app/Contents/Developer/Toolchains/XcodeDefault.xctoolchain/usr/bin/clang -c -isysroot /Applications/Xcode.app/Contents/Developer/Platforms/iPhoneOS.platform/Developer/SDKs/iPhoneOS12.2.sdk -arch arm64 -I/Library/Developer/CommandLineTools/Toolchains/XcodeDefault.xctoolchain/usr/include -miphoneos-version-min=8.0 -DUSE_FILE32API -O3 -DNDEBUG   conftest.c >&5
configure:9089: $? = 0
configure:9089: result: yes
configure:9089: checking for stdlib.h
configure:9089: /Applications/Xcode.app/Contents/Developer/Toolchains/XcodeDefault.xctoolchain/usr/bin/clang -c -isysroot /Applications/Xcode.app/Contents/Developer/Platforms/iPhoneOS.platform/Developer/SDKs/iPhoneOS12.2.sdk -arch arm64 -I/Library/Developer/CommandLineTools/Toolchains/XcodeDefault.xctoolchain/usr/include -miphoneos-version-min=8.0 -DUSE_FILE32API -O3 -DNDEBUG   conftest.c >&5
configure:9089: $? = 0
configure:9089: result: yes
configure:9089: checking for string.h
configure:9089: /Applications/Xcode.app/Contents/Developer/Toolchains/XcodeDefault.xctoolchain/usr/bin/clang -c -isysroot /Applications/Xcode.app/Contents/Developer/Platforms/iPhoneOS.platform/Developer/SDKs/iPhoneOS12.2.sdk -arch arm64 -I/Library/Developer/CommandLineTools/Toolchains/XcodeDefault.xctoolchain/usr/include -miphoneos-version-min=8.0 -DUSE_FILE32API -O3 -DNDEBUG   conftest.c >&5
configure:9089: $? = 0
configure:9089: result: yes
configure:9089: checking for memory.h
configure:9089: /Applications/Xcode.app/Contents/Developer/Toolchains/XcodeDefault.xctoolchain/usr/bin/clang -c -isysroot /Applications/Xcode.app/Contents/Developer/Platforms/iPhoneOS.platform/Developer/SDKs/iPhoneOS12.2.sdk -arch arm64 -I/Library/Developer/CommandLineTools/Toolchains/XcodeDefault.xctoolchain/usr/include -miphoneos-version-min=8.0 -DUSE_FILE32API -O3 -DNDEBUG   conftest.c >&5
configure:9089: $? = 0
configure:9089: result: yes
configure:9089: checking for strings.h
configure:9089: /Applications/Xcode.app/Contents/Developer/Toolchains/XcodeDefault.xctoolchain/usr/bin/clang -c -isysroot /Applications/Xcode.app/Contents/Developer/Platforms/iPhoneOS.platform/Developer/SDKs/iPhoneOS12.2.sdk -arch arm64 -I/Library/Developer/CommandLineTools/Toolchains/XcodeDefault.xctoolchain/usr/include -miphoneos-version-min=8.0 -DUSE_FILE32API -O3 -DNDEBUG   conftest.c >&5
configure:9089: $? = 0
configure:9089: result: yes
configure:9089: checking for inttypes.h
configure:9089: /Applications/Xcode.app/Contents/Developer/Toolchains/XcodeDefault.xctoolchain/usr/bin/clang -c -isysroot /Applications/Xcode.app/Contents/Developer/Platforms/iPhoneOS.platform/Developer/SDKs/iPhoneOS12.2.sdk -arch arm64 -I/Library/Developer/CommandLineTools/Toolchains/XcodeDefault.xctoolchain/usr/include -miphoneos-version-min=8.0 -DUSE_FILE32API -O3 -DNDEBUG   conftest.c >&5
configure:9089: $? = 0
configure:9089: result: yes
configure:9089: checking for stdint.h
configure:9089: /Applications/Xcode.app/Contents/Developer/Toolchains/XcodeDefault.xctoolchain/usr/bin/clang -c -isysroot /Applications/Xcode.app/Contents/Developer/Platforms/iPhoneOS.platform/Developer/SDKs/iPhoneOS12.2.sdk -arch arm64 -I/Library/Developer/CommandLineTools/Toolchains/XcodeDefault.xctoolchain/usr/include -miphoneos-version-min=8.0 -DUSE_FILE32API -O3 -DNDEBUG   conftest.c >&5
configure:9089: $? = 0
configure:9089: result: yes
configure:9089: checking for unistd.h
configure:9089: /Applications/Xcode.app/Contents/Developer/Toolchains/XcodeDefault.xctoolchain/usr/bin/clang -c -isysroot /Applications/Xcode.app/Contents/Developer/Platforms/iPhoneOS.platform/Developer/SDKs/iPhoneOS12.2.sdk -arch arm64 -I/Library/Developer/CommandLineTools/Toolchains/XcodeDefault.xctoolchain/usr/include -miphoneos-version-min=8.0 -DUSE_FILE32API -O3 -DNDEBUG   conftest.c >&5
configure:9089: $? = 0
configure:9089: result: yes
configure:9103: checking for dlfcn.h
configure:9103: /Applications/Xcode.app/Contents/Developer/Toolchains/XcodeDefault.xctoolchain/usr/bin/clang -c -isysroot /Applications/Xcode.app/Contents/Developer/Platforms/iPhoneOS.platform/Developer/SDKs/iPhoneOS12.2.sdk -arch arm64 -I/Library/Developer/CommandLineTools/Toolchains/XcodeDefault.xctoolchain/usr/include -miphoneos-version-min=8.0 -DUSE_FILE32API -O3 -DNDEBUG   conftest.c >&5
configure:9103: $? = 0
configure:9103: result: yes
configure:9359: checking for objdir
configure:9374: result: .libs
configure:9634: checking if /Applications/Xcode.app/Contents/Developer/Toolchains/XcodeDefault.xctoolchain/usr/bin/clang supports -fno-rtti -fno-exceptions
configure:9652: /Applications/Xcode.app/Contents/Developer/Toolchains/XcodeDefault.xctoolchain/usr/bin/clang -c -isysroot /Applications/Xcode.app/Contents/Developer/Platforms/iPhoneOS.platform/Developer/SDKs/iPhoneOS12.2.sdk -arch arm64 -I/Library/Developer/CommandLineTools/Toolchains/XcodeDefault.xctoolchain/usr/include -miphoneos-version-min=8.0 -DUSE_FILE32API -O3 -DNDEBUG   -fno-rtti -fno-exceptions conftest.c >&5
configure:9656: $? = 0
configure:9669: result: yes
configure:10027: checking for /Applications/Xcode.app/Contents/Developer/Toolchains/XcodeDefault.xctoolchain/usr/bin/clang option to produce PIC
configure:10034: result: -fno-common -DPIC
configure:10042: checking if /Applications/Xcode.app/Contents/Developer/Toolchains/XcodeDefault.xctoolchain/usr/bin/clang PIC flag -fno-common -DPIC works
configure:10060: /Applications/Xcode.app/Contents/Developer/Toolchains/XcodeDefault.xctoolchain/usr/bin/clang -c -isysroot /Applications/Xcode.app/Contents/Developer/Platforms/iPhoneOS.platform/Developer/SDKs/iPhoneOS12.2.sdk -arch arm64 -I/Library/Developer/CommandLineTools/Toolchains/XcodeDefault.xctoolchain/usr/include -miphoneos-version-min=8.0 -DUSE_FILE32API -O3 -DNDEBUG   -fno-common -DPIC -DPIC conftest.c >&5
configure:10064: $? = 0
configure:10077: result: yes
configure:10106: checking if /Applications/Xcode.app/Contents/Developer/Toolchains/XcodeDefault.xctoolchain/usr/bin/clang static flag -static works
configure:10134: result: no
configure:10149: checking if /Applications/Xcode.app/Contents/Developer/Toolchains/XcodeDefault.xctoolchain/usr/bin/clang supports -c -o file.o
configure:10170: /Applications/Xcode.app/Contents/Developer/Toolchains/XcodeDefault.xctoolchain/usr/bin/clang -c -isysroot /Applications/Xcode.app/Contents/Developer/Platforms/iPhoneOS.platform/Developer/SDKs/iPhoneOS12.2.sdk -arch arm64 -I/Library/Developer/CommandLineTools/Toolchains/XcodeDefault.xctoolchain/usr/include -miphoneos-version-min=8.0 -DUSE_FILE32API -O3 -DNDEBUG   -o out/conftest2.o conftest.c >&5
configure:10174: $? = 0
configure:10196: result: yes
configure:10204: checking if /Applications/Xcode.app/Contents/Developer/Toolchains/XcodeDefault.xctoolchain/usr/bin/clang supports -c -o file.o
configure:10251: result: yes
configure:10284: checking whether the /Applications/Xcode.app/Contents/Developer/Toolchains/XcodeDefault.xctoolchain/usr/bin/clang linker (/Applications/Xcode.app/Contents/Developer/Toolchains/XcodeDefault.xctoolchain/usr/bin/clang) supports shared libraries
configure:11543: result: yes
configure:11783: checking dynamic linker characteristics
configure:12601: result: darwin dyld
configure:12723: checking how to hardcode library paths into programs
configure:12748: result: immediate
configure:13296: checking whether stripping libraries is possible
configure:13310: result: yes
configure:13336: checking if libtool supports shared libraries
configure:13338: result: yes
configure:13341: checking whether to build shared libraries
configure:13366: result: no
configure:13369: checking whether to build static libraries
configure:13373: result: yes
configure:13410: checking whether ln -s works
configure:13414: result: yes
configure:13465: checking size of size_t
configure:13470: /Applications/Xcode.app/Contents/Developer/Toolchains/XcodeDefault.xctoolchain/usr/bin/clang -c -isysroot /Applications/Xcode.app/Contents/Developer/Platforms/iPhoneOS.platform/Developer/SDKs/iPhoneOS12.2.sdk -arch arm64 -I/Library/Developer/CommandLineTools/Toolchains/XcodeDefault.xctoolchain/usr/include -miphoneos-version-min=8.0 -DUSE_FILE32API -O3 -DNDEBUG   conftest.c >&5
configure:13470: $? = 0
configure:13470: /Applications/Xcode.app/Contents/Developer/Toolchains/XcodeDefault.xctoolchain/usr/bin/clang -c -isysroot /Applications/Xcode.app/Contents/Developer/Platforms/iPhoneOS.platform/Developer/SDKs/iPhoneOS12.2.sdk -arch arm64 -I/Library/Developer/CommandLineTools/Toolchains/XcodeDefault.xctoolchain/usr/include -miphoneos-version-min=8.0 -DUSE_FILE32API -O3 -DNDEBUG   conftest.c >&5
conftest.c:58:24: error: 'test_array' declared as an array with a negative size
static int test_array [1 - 2 * !(((long int) (sizeof (size_t))) <= 0)];
                       ^~~~~~~~~~~~~~~~~~~~~~~~~~~~~~~~~~~~~~~~~~~~~~
1 error generated.
configure:13470: $? = 1
configure: failed program was:
| /* confdefs.h */
| #define PACKAGE_NAME "libjpeg-turbo"
| #define PACKAGE_TARNAME "libjpeg-turbo"
| #define PACKAGE_VERSION "1.5.3"
| #define PACKAGE_STRING "libjpeg-turbo 1.5.3"
| #define PACKAGE_BUGREPORT ""
| #define PACKAGE_URL ""
| #define PACKAGE "libjpeg-turbo"
| #define VERSION "1.5.3"
| #define HAVE_SYS_TYPES_H 1
| #define HAVE_SYS_STAT_H 1
| #define HAVE_STDLIB_H 1
| #define HAVE_STRING_H 1
| #define HAVE_MEMORY_H 1
| #define HAVE_STRINGS_H 1
| #define HAVE_INTTYPES_H 1
| #define HAVE_STDINT_H 1
| #define HAVE_UNISTD_H 1
| #define HAVE_DLFCN_H 1
| #define LT_OBJDIR ".libs/"
| /* end confdefs.h.  */
| #include <stdio.h>
| #ifdef HAVE_SYS_TYPES_H
| # include <sys/types.h>
| #endif
| #ifdef HAVE_SYS_STAT_H
| # include <sys/stat.h>
| #endif
| #ifdef STDC_HEADERS
| # include <stdlib.h>
| # include <stddef.h>
| #else
| # ifdef HAVE_STDLIB_H
| #  include <stdlib.h>
| # endif
| #endif
| #ifdef HAVE_STRING_H
| # if !defined STDC_HEADERS && defined HAVE_MEMORY_H
| #  include <memory.h>
| # endif
| # include <string.h>
| #endif
| #ifdef HAVE_STRINGS_H
| # include <strings.h>
| #endif
| #ifdef HAVE_INTTYPES_H
| # include <inttypes.h>
| #endif
| #ifdef HAVE_STDINT_H
| # include <stdint.h>
| #endif
| #ifdef HAVE_UNISTD_H
| # include <unistd.h>
| #endif
| int
| main ()
| {
| static int test_array [1 - 2 * !(((long int) (sizeof (size_t))) <= 0)];
| test_array [0] = 0;
| return test_array [0];
| 
|   ;
|   return 0;
| }
configure:13470: /Applications/Xcode.app/Contents/Developer/Toolchains/XcodeDefault.xctoolchain/usr/bin/clang -c -isysroot /Applications/Xcode.app/Contents/Developer/Platforms/iPhoneOS.platform/Developer/SDKs/iPhoneOS12.2.sdk -arch arm64 -I/Library/Developer/CommandLineTools/Toolchains/XcodeDefault.xctoolchain/usr/include -miphoneos-version-min=8.0 -DUSE_FILE32API -O3 -DNDEBUG   conftest.c >&5
conftest.c:58:24: error: 'test_array' declared as an array with a negative size
static int test_array [1 - 2 * !(((long int) (sizeof (size_t))) <= 1)];
                       ^~~~~~~~~~~~~~~~~~~~~~~~~~~~~~~~~~~~~~~~~~~~~~
1 error generated.
configure:13470: $? = 1
configure: failed program was:
| /* confdefs.h */
| #define PACKAGE_NAME "libjpeg-turbo"
| #define PACKAGE_TARNAME "libjpeg-turbo"
| #define PACKAGE_VERSION "1.5.3"
| #define PACKAGE_STRING "libjpeg-turbo 1.5.3"
| #define PACKAGE_BUGREPORT ""
| #define PACKAGE_URL ""
| #define PACKAGE "libjpeg-turbo"
| #define VERSION "1.5.3"
| #define HAVE_SYS_TYPES_H 1
| #define HAVE_SYS_STAT_H 1
| #define HAVE_STDLIB_H 1
| #define HAVE_STRING_H 1
| #define HAVE_MEMORY_H 1
| #define HAVE_STRINGS_H 1
| #define HAVE_INTTYPES_H 1
| #define HAVE_STDINT_H 1
| #define HAVE_UNISTD_H 1
| #define HAVE_DLFCN_H 1
| #define LT_OBJDIR ".libs/"
| /* end confdefs.h.  */
| #include <stdio.h>
| #ifdef HAVE_SYS_TYPES_H
| # include <sys/types.h>
| #endif
| #ifdef HAVE_SYS_STAT_H
| # include <sys/stat.h>
| #endif
| #ifdef STDC_HEADERS
| # include <stdlib.h>
| # include <stddef.h>
| #else
| # ifdef HAVE_STDLIB_H
| #  include <stdlib.h>
| # endif
| #endif
| #ifdef HAVE_STRING_H
| # if !defined STDC_HEADERS && defined HAVE_MEMORY_H
| #  include <memory.h>
| # endif
| # include <string.h>
| #endif
| #ifdef HAVE_STRINGS_H
| # include <strings.h>
| #endif
| #ifdef HAVE_INTTYPES_H
| # include <inttypes.h>
| #endif
| #ifdef HAVE_STDINT_H
| # include <stdint.h>
| #endif
| #ifdef HAVE_UNISTD_H
| # include <unistd.h>
| #endif
| int
| main ()
| {
| static int test_array [1 - 2 * !(((long int) (sizeof (size_t))) <= 1)];
| test_array [0] = 0;
| return test_array [0];
| 
|   ;
|   return 0;
| }
configure:13470: /Applications/Xcode.app/Contents/Developer/Toolchains/XcodeDefault.xctoolchain/usr/bin/clang -c -isysroot /Applications/Xcode.app/Contents/Developer/Platforms/iPhoneOS.platform/Developer/SDKs/iPhoneOS12.2.sdk -arch arm64 -I/Library/Developer/CommandLineTools/Toolchains/XcodeDefault.xctoolchain/usr/include -miphoneos-version-min=8.0 -DUSE_FILE32API -O3 -DNDEBUG   conftest.c >&5
conftest.c:58:24: error: 'test_array' declared as an array with a negative size
static int test_array [1 - 2 * !(((long int) (sizeof (size_t))) <= 3)];
                       ^~~~~~~~~~~~~~~~~~~~~~~~~~~~~~~~~~~~~~~~~~~~~~
1 error generated.
configure:13470: $? = 1
configure: failed program was:
| /* confdefs.h */
| #define PACKAGE_NAME "libjpeg-turbo"
| #define PACKAGE_TARNAME "libjpeg-turbo"
| #define PACKAGE_VERSION "1.5.3"
| #define PACKAGE_STRING "libjpeg-turbo 1.5.3"
| #define PACKAGE_BUGREPORT ""
| #define PACKAGE_URL ""
| #define PACKAGE "libjpeg-turbo"
| #define VERSION "1.5.3"
| #define HAVE_SYS_TYPES_H 1
| #define HAVE_SYS_STAT_H 1
| #define HAVE_STDLIB_H 1
| #define HAVE_STRING_H 1
| #define HAVE_MEMORY_H 1
| #define HAVE_STRINGS_H 1
| #define HAVE_INTTYPES_H 1
| #define HAVE_STDINT_H 1
| #define HAVE_UNISTD_H 1
| #define HAVE_DLFCN_H 1
| #define LT_OBJDIR ".libs/"
| /* end confdefs.h.  */
| #include <stdio.h>
| #ifdef HAVE_SYS_TYPES_H
| # include <sys/types.h>
| #endif
| #ifdef HAVE_SYS_STAT_H
| # include <sys/stat.h>
| #endif
| #ifdef STDC_HEADERS
| # include <stdlib.h>
| # include <stddef.h>
| #else
| # ifdef HAVE_STDLIB_H
| #  include <stdlib.h>
| # endif
| #endif
| #ifdef HAVE_STRING_H
| # if !defined STDC_HEADERS && defined HAVE_MEMORY_H
| #  include <memory.h>
| # endif
| # include <string.h>
| #endif
| #ifdef HAVE_STRINGS_H
| # include <strings.h>
| #endif
| #ifdef HAVE_INTTYPES_H
| # include <inttypes.h>
| #endif
| #ifdef HAVE_STDINT_H
| # include <stdint.h>
| #endif
| #ifdef HAVE_UNISTD_H
| # include <unistd.h>
| #endif
| int
| main ()
| {
| static int test_array [1 - 2 * !(((long int) (sizeof (size_t))) <= 3)];
| test_array [0] = 0;
| return test_array [0];
| 
|   ;
|   return 0;
| }
configure:13470: /Applications/Xcode.app/Contents/Developer/Toolchains/XcodeDefault.xctoolchain/usr/bin/clang -c -isysroot /Applications/Xcode.app/Contents/Developer/Platforms/iPhoneOS.platform/Developer/SDKs/iPhoneOS12.2.sdk -arch arm64 -I/Library/Developer/CommandLineTools/Toolchains/XcodeDefault.xctoolchain/usr/include -miphoneos-version-min=8.0 -DUSE_FILE32API -O3 -DNDEBUG   conftest.c >&5
conftest.c:58:24: error: 'test_array' declared as an array with a negative size
static int test_array [1 - 2 * !(((long int) (sizeof (size_t))) <= 7)];
                       ^~~~~~~~~~~~~~~~~~~~~~~~~~~~~~~~~~~~~~~~~~~~~~
1 error generated.
configure:13470: $? = 1
configure: failed program was:
| /* confdefs.h */
| #define PACKAGE_NAME "libjpeg-turbo"
| #define PACKAGE_TARNAME "libjpeg-turbo"
| #define PACKAGE_VERSION "1.5.3"
| #define PACKAGE_STRING "libjpeg-turbo 1.5.3"
| #define PACKAGE_BUGREPORT ""
| #define PACKAGE_URL ""
| #define PACKAGE "libjpeg-turbo"
| #define VERSION "1.5.3"
| #define HAVE_SYS_TYPES_H 1
| #define HAVE_SYS_STAT_H 1
| #define HAVE_STDLIB_H 1
| #define HAVE_STRING_H 1
| #define HAVE_MEMORY_H 1
| #define HAVE_STRINGS_H 1
| #define HAVE_INTTYPES_H 1
| #define HAVE_STDINT_H 1
| #define HAVE_UNISTD_H 1
| #define HAVE_DLFCN_H 1
| #define LT_OBJDIR ".libs/"
| /* end confdefs.h.  */
| #include <stdio.h>
| #ifdef HAVE_SYS_TYPES_H
| # include <sys/types.h>
| #endif
| #ifdef HAVE_SYS_STAT_H
| # include <sys/stat.h>
| #endif
| #ifdef STDC_HEADERS
| # include <stdlib.h>
| # include <stddef.h>
| #else
| # ifdef HAVE_STDLIB_H
| #  include <stdlib.h>
| # endif
| #endif
| #ifdef HAVE_STRING_H
| # if !defined STDC_HEADERS && defined HAVE_MEMORY_H
| #  include <memory.h>
| # endif
| # include <string.h>
| #endif
| #ifdef HAVE_STRINGS_H
| # include <strings.h>
| #endif
| #ifdef HAVE_INTTYPES_H
| # include <inttypes.h>
| #endif
| #ifdef HAVE_STDINT_H
| # include <stdint.h>
| #endif
| #ifdef HAVE_UNISTD_H
| # include <unistd.h>
| #endif
| int
| main ()
| {
| static int test_array [1 - 2 * !(((long int) (sizeof (size_t))) <= 7)];
| test_array [0] = 0;
| return test_array [0];
| 
|   ;
|   return 0;
| }
configure:13470: /Applications/Xcode.app/Contents/Developer/Toolchains/XcodeDefault.xctoolchain/usr/bin/clang -c -isysroot /Applications/Xcode.app/Contents/Developer/Platforms/iPhoneOS.platform/Developer/SDKs/iPhoneOS12.2.sdk -arch arm64 -I/Library/Developer/CommandLineTools/Toolchains/XcodeDefault.xctoolchain/usr/include -miphoneos-version-min=8.0 -DUSE_FILE32API -O3 -DNDEBUG   conftest.c >&5
configure:13470: $? = 0
configure:13470: /Applications/Xcode.app/Contents/Developer/Toolchains/XcodeDefault.xctoolchain/usr/bin/clang -c -isysroot /Applications/Xcode.app/Contents/Developer/Platforms/iPhoneOS.platform/Developer/SDKs/iPhoneOS12.2.sdk -arch arm64 -I/Library/Developer/CommandLineTools/Toolchains/XcodeDefault.xctoolchain/usr/include -miphoneos-version-min=8.0 -DUSE_FILE32API -O3 -DNDEBUG   conftest.c >&5
configure:13470: $? = 0
configure:13470: /Applications/Xcode.app/Contents/Developer/Toolchains/XcodeDefault.xctoolchain/usr/bin/clang -c -isysroot /Applications/Xcode.app/Contents/Developer/Platforms/iPhoneOS.platform/Developer/SDKs/iPhoneOS12.2.sdk -arch arm64 -I/Library/Developer/CommandLineTools/Toolchains/XcodeDefault.xctoolchain/usr/include -miphoneos-version-min=8.0 -DUSE_FILE32API -O3 -DNDEBUG   conftest.c >&5
configure:13470: $? = 0
configure:13470: /Applications/Xcode.app/Contents/Developer/Toolchains/XcodeDefault.xctoolchain/usr/bin/clang -c -isysroot /Applications/Xcode.app/Contents/Developer/Platforms/iPhoneOS.platform/Developer/SDKs/iPhoneOS12.2.sdk -arch arm64 -I/Library/Developer/CommandLineTools/Toolchains/XcodeDefault.xctoolchain/usr/include -miphoneos-version-min=8.0 -DUSE_FILE32API -O3 -DNDEBUG   conftest.c >&5
configure:13470: $? = 0
configure:13484: result: 8
configure:13516: checking whether compiler supports pointers to undefined structures
configure:13529: /Applications/Xcode.app/Contents/Developer/Toolchains/XcodeDefault.xctoolchain/usr/bin/clang -c -isysroot /Applications/Xcode.app/Contents/Developer/Platforms/iPhoneOS.platform/Developer/SDKs/iPhoneOS12.2.sdk -arch arm64 -I/Library/Developer/CommandLineTools/Toolchains/XcodeDefault.xctoolchain/usr/include -miphoneos-version-min=8.0 -DUSE_FILE32API -O3 -DNDEBUG   conftest.c >&5
configure:13529: $? = 0
configure:13530: result: yes
configure:13550: checking whether __SUNPRO_C is declared
configure:13550: /Applications/Xcode.app/Contents/Developer/Toolchains/XcodeDefault.xctoolchain/usr/bin/clang -c -isysroot /Applications/Xcode.app/Contents/Developer/Platforms/iPhoneOS.platform/Developer/SDKs/iPhoneOS12.2.sdk -arch arm64 -I/Library/Developer/CommandLineTools/Toolchains/XcodeDefault.xctoolchain/usr/include -miphoneos-version-min=8.0 -DUSE_FILE32API -O3 -DNDEBUG  -Wall conftest.c >&5
conftest.c:63:10: error: use of undeclared identifier '__SUNPRO_C'
  (void) __SUNPRO_C;
         ^
1 error generated.
configure:13550: $? = 1
configure: failed program was:
| /* confdefs.h */
| #define PACKAGE_NAME "libjpeg-turbo"
| #define PACKAGE_TARNAME "libjpeg-turbo"
| #define PACKAGE_VERSION "1.5.3"
| #define PACKAGE_STRING "libjpeg-turbo 1.5.3"
| #define PACKAGE_BUGREPORT ""
| #define PACKAGE_URL ""
| #define PACKAGE "libjpeg-turbo"
| #define VERSION "1.5.3"
| #define HAVE_SYS_TYPES_H 1
| #define HAVE_SYS_STAT_H 1
| #define HAVE_STDLIB_H 1
| #define HAVE_STRING_H 1
| #define HAVE_MEMORY_H 1
| #define HAVE_STRINGS_H 1
| #define HAVE_INTTYPES_H 1
| #define HAVE_STDINT_H 1
| #define HAVE_UNISTD_H 1
| #define HAVE_DLFCN_H 1
| #define LT_OBJDIR ".libs/"
| #define SIZEOF_SIZE_T 8
| /* end confdefs.h.  */
| #include <stdio.h>
| #ifdef HAVE_SYS_TYPES_H
| # include <sys/types.h>
| #endif
| #ifdef HAVE_SYS_STAT_H
| # include <sys/stat.h>
| #endif
| #ifdef STDC_HEADERS
| # include <stdlib.h>
| # include <stddef.h>
| #else
| # ifdef HAVE_STDLIB_H
| #  include <stdlib.h>
| # endif
| #endif
| #ifdef HAVE_STRING_H
| # if !defined STDC_HEADERS && defined HAVE_MEMORY_H
| #  include <memory.h>
| # endif
| # include <string.h>
| #endif
| #ifdef HAVE_STRINGS_H
| # include <strings.h>
| #endif
| #ifdef HAVE_INTTYPES_H
| # include <inttypes.h>
| #endif
| #ifdef HAVE_STDINT_H
| # include <stdint.h>
| #endif
| #ifdef HAVE_UNISTD_H
| # include <unistd.h>
| #endif
| int
| main ()
| {
| #ifndef __SUNPRO_C
| #ifdef __cplusplus
|   (void) __SUNPRO_C;
| #else
|   (void) __SUNPRO_C;
| #endif
| #endif
| 
|   ;
|   return 0;
| }
configure:13550: result: no
configure:13566: checking for ANSI C header files
configure:13670: result: no
configure:13681: checking stddef.h usability
configure:13681: /Applications/Xcode.app/Contents/Developer/Toolchains/XcodeDefault.xctoolchain/usr/bin/clang -c -isysroot /Applications/Xcode.app/Contents/Developer/Platforms/iPhoneOS.platform/Developer/SDKs/iPhoneOS12.2.sdk -arch arm64 -I/Library/Developer/CommandLineTools/Toolchains/XcodeDefault.xctoolchain/usr/include -miphoneos-version-min=8.0 -DUSE_FILE32API -O3 -DNDEBUG  -Wall conftest.c >&5
configure:13681: $? = 0
configure:13681: result: yes
configure:13681: checking stddef.h presence
configure:13681: /Applications/Xcode.app/Contents/Developer/Toolchains/XcodeDefault.xctoolchain/usr/bin/clang -E -Wall conftest.c
configure:13681: $? = 0
configure:13681: result: yes
configure:13681: checking for stddef.h
configure:13681: result: yes
configure:13681: checking for stdlib.h
configure:13681: result: yes
configure:13681: checking locale.h usability
configure:13681: /Applications/Xcode.app/Contents/Developer/Toolchains/XcodeDefault.xctoolchain/usr/bin/clang -c -isysroot /Applications/Xcode.app/Contents/Developer/Platforms/iPhoneOS.platform/Developer/SDKs/iPhoneOS12.2.sdk -arch arm64 -I/Library/Developer/CommandLineTools/Toolchains/XcodeDefault.xctoolchain/usr/include -miphoneos-version-min=8.0 -DUSE_FILE32API -O3 -DNDEBUG  -Wall conftest.c >&5
configure:13681: $? = 0
configure:13681: result: yes
configure:13681: checking locale.h presence
configure:13681: /Applications/Xcode.app/Contents/Developer/Toolchains/XcodeDefault.xctoolchain/usr/bin/clang -E -Wall conftest.c
conftest.c:25:10: fatal error: 'locale.h' file not found
#include <locale.h>
         ^~~~~~~~~~
1 error generated.
configure:13681: $? = 1
configure: failed program was:
| /* confdefs.h */
| #define PACKAGE_NAME "libjpeg-turbo"
| #define PACKAGE_TARNAME "libjpeg-turbo"
| #define PACKAGE_VERSION "1.5.3"
| #define PACKAGE_STRING "libjpeg-turbo 1.5.3"
| #define PACKAGE_BUGREPORT ""
| #define PACKAGE_URL ""
| #define PACKAGE "libjpeg-turbo"
| #define VERSION "1.5.3"
| #define HAVE_SYS_TYPES_H 1
| #define HAVE_SYS_STAT_H 1
| #define HAVE_STDLIB_H 1
| #define HAVE_STRING_H 1
| #define HAVE_MEMORY_H 1
| #define HAVE_STRINGS_H 1
| #define HAVE_INTTYPES_H 1
| #define HAVE_STDINT_H 1
| #define HAVE_UNISTD_H 1
| #define HAVE_DLFCN_H 1
| #define LT_OBJDIR ".libs/"
| #define SIZEOF_SIZE_T 8
| #define HAVE_STDDEF_H 1
| #define HAVE_STDLIB_H 1
| /* end confdefs.h.  */
| #include <locale.h>
configure:13681: result: no
configure:13681: WARNING: locale.h: accepted by the compiler, rejected by the preprocessor!
configure:13681: WARNING: locale.h: proceeding with the compiler's result
configure:13681: checking for locale.h
configure:13681: result: yes
configure:13681: checking for string.h
configure:13681: result: yes
configure:13691: checking for sys/types.h
configure:13691: result: yes
configure:13701: checking for an ANSI C-conforming const
configure:13767: /Applications/Xcode.app/Contents/Developer/Toolchains/XcodeDefault.xctoolchain/usr/bin/clang -c -isysroot /Applications/Xcode.app/Contents/Developer/Platforms/iPhoneOS.platform/Developer/SDKs/iPhoneOS12.2.sdk -arch arm64 -I/Library/Developer/CommandLineTools/Toolchains/XcodeDefault.xctoolchain/usr/include -miphoneos-version-min=8.0 -DUSE_FILE32API -O3 -DNDEBUG  -Wall conftest.c >&5
configure:13767: $? = 0
configure:13774: result: yes
configure:13782: checking whether char is unsigned
configure:13801: /Applications/Xcode.app/Contents/Developer/Toolchains/XcodeDefault.xctoolchain/usr/bin/clang -c -isysroot /Applications/Xcode.app/Contents/Developer/Platforms/iPhoneOS.platform/Developer/SDKs/iPhoneOS12.2.sdk -arch arm64 -I/Library/Developer/CommandLineTools/Toolchains/XcodeDefault.xctoolchain/usr/include -miphoneos-version-min=8.0 -DUSE_FILE32API -O3 -DNDEBUG  -Wall conftest.c >&5
configure:13801: $? = 0
configure:13808: result: no
configure:13815: checking for inline
configure:13831: /Applications/Xcode.app/Contents/Developer/Toolchains/XcodeDefault.xctoolchain/usr/bin/clang -c -isysroot /Applications/Xcode.app/Contents/Developer/Platforms/iPhoneOS.platform/Developer/SDKs/iPhoneOS12.2.sdk -arch arm64 -I/Library/Developer/CommandLineTools/Toolchains/XcodeDefault.xctoolchain/usr/include -miphoneos-version-min=8.0 -DUSE_FILE32API -O3 -DNDEBUG  -Wall conftest.c >&5
conftest.c:30:21: warning: unused function 'static_foo' [-Wunused-function]
static inline foo_t static_foo () {return 0; }
                    ^
1 warning generated.
configure:13831: $? = 0
configure:13839: result: inline
configure:13857: checking for size_t
configure:13857: /Applications/Xcode.app/Contents/Developer/Toolchains/XcodeDefault.xctoolchain/usr/bin/clang -c -isysroot /Applications/Xcode.app/Contents/Developer/Platforms/iPhoneOS.platform/Developer/SDKs/iPhoneOS12.2.sdk -arch arm64 -I/Library/Developer/CommandLineTools/Toolchains/XcodeDefault.xctoolchain/usr/include -miphoneos-version-min=8.0 -DUSE_FILE32API -O3 -DNDEBUG  -Wall conftest.c >&5
configure:13857: $? = 0
configure:13857: /Applications/Xcode.app/Contents/Developer/Toolchains/XcodeDefault.xctoolchain/usr/bin/clang -c -isysroot /Applications/Xcode.app/Contents/Developer/Platforms/iPhoneOS.platform/Developer/SDKs/iPhoneOS12.2.sdk -arch arm64 -I/Library/Developer/CommandLineTools/Toolchains/XcodeDefault.xctoolchain/usr/include -miphoneos-version-min=8.0 -DUSE_FILE32API -O3 -DNDEBUG  -Wall conftest.c >&5
conftest.c:64:21: error: expected expression
if (sizeof ((size_t)))
                    ^
1 error generated.
configure:13857: $? = 1
configure: failed program was:
| /* confdefs.h */
| #define PACKAGE_NAME "libjpeg-turbo"
| #define PACKAGE_TARNAME "libjpeg-turbo"
| #define PACKAGE_VERSION "1.5.3"
| #define PACKAGE_STRING "libjpeg-turbo 1.5.3"
| #define PACKAGE_BUGREPORT ""
| #define PACKAGE_URL ""
| #define PACKAGE "libjpeg-turbo"
| #define VERSION "1.5.3"
| #define HAVE_SYS_TYPES_H 1
| #define HAVE_SYS_STAT_H 1
| #define HAVE_STDLIB_H 1
| #define HAVE_STRING_H 1
| #define HAVE_MEMORY_H 1
| #define HAVE_STRINGS_H 1
| #define HAVE_INTTYPES_H 1
| #define HAVE_STDINT_H 1
| #define HAVE_UNISTD_H 1
| #define HAVE_DLFCN_H 1
| #define LT_OBJDIR ".libs/"
| #define SIZEOF_SIZE_T 8
| #define HAVE_STDDEF_H 1
| #define HAVE_STDLIB_H 1
| #define HAVE_LOCALE_H 1
| #define HAVE_STRING_H 1
| #define NEED_SYS_TYPES_H 1
| /* end confdefs.h.  */
| #include <stdio.h>
| #ifdef HAVE_SYS_TYPES_H
| # include <sys/types.h>
| #endif
| #ifdef HAVE_SYS_STAT_H
| # include <sys/stat.h>
| #endif
| #ifdef STDC_HEADERS
| # include <stdlib.h>
| # include <stddef.h>
| #else
| # ifdef HAVE_STDLIB_H
| #  include <stdlib.h>
| # endif
| #endif
| #ifdef HAVE_STRING_H
| # if !defined STDC_HEADERS && defined HAVE_MEMORY_H
| #  include <memory.h>
| # endif
| # include <string.h>
| #endif
| #ifdef HAVE_STRINGS_H
| # include <strings.h>
| #endif
| #ifdef HAVE_INTTYPES_H
| # include <inttypes.h>
| #endif
| #ifdef HAVE_STDINT_H
| # include <stdint.h>
| #endif
| #ifdef HAVE_UNISTD_H
| # include <unistd.h>
| #endif
| int
| main ()
| {
| if (sizeof ((size_t)))
| 	    return 0;
|   ;
|   return 0;
| }
configure:13857: result: yes
configure:13868: checking for unsigned char
configure:13868: /Applications/Xcode.app/Contents/Developer/Toolchains/XcodeDefault.xctoolchain/usr/bin/clang -c -isysroot /Applications/Xcode.app/Contents/Developer/Platforms/iPhoneOS.platform/Developer/SDKs/iPhoneOS12.2.sdk -arch arm64 -I/Library/Developer/CommandLineTools/Toolchains/XcodeDefault.xctoolchain/usr/include -miphoneos-version-min=8.0 -DUSE_FILE32API -O3 -DNDEBUG  -Wall conftest.c >&5
configure:13868: $? = 0
configure:13868: /Applications/Xcode.app/Contents/Developer/Toolchains/XcodeDefault.xctoolchain/usr/bin/clang -c -isysroot /Applications/Xcode.app/Contents/Developer/Platforms/iPhoneOS.platform/Developer/SDKs/iPhoneOS12.2.sdk -arch arm64 -I/Library/Developer/CommandLineTools/Toolchains/XcodeDefault.xctoolchain/usr/include -miphoneos-version-min=8.0 -DUSE_FILE32API -O3 -DNDEBUG  -Wall conftest.c >&5
conftest.c:64:28: error: expected expression
if (sizeof ((unsigned char)))
                           ^
1 error generated.
configure:13868: $? = 1
configure: failed program was:
| /* confdefs.h */
| #define PACKAGE_NAME "libjpeg-turbo"
| #define PACKAGE_TARNAME "libjpeg-turbo"
| #define PACKAGE_VERSION "1.5.3"
| #define PACKAGE_STRING "libjpeg-turbo 1.5.3"
| #define PACKAGE_BUGREPORT ""
| #define PACKAGE_URL ""
| #define PACKAGE "libjpeg-turbo"
| #define VERSION "1.5.3"
| #define HAVE_SYS_TYPES_H 1
| #define HAVE_SYS_STAT_H 1
| #define HAVE_STDLIB_H 1
| #define HAVE_STRING_H 1
| #define HAVE_MEMORY_H 1
| #define HAVE_STRINGS_H 1
| #define HAVE_INTTYPES_H 1
| #define HAVE_STDINT_H 1
| #define HAVE_UNISTD_H 1
| #define HAVE_DLFCN_H 1
| #define LT_OBJDIR ".libs/"
| #define SIZEOF_SIZE_T 8
| #define HAVE_STDDEF_H 1
| #define HAVE_STDLIB_H 1
| #define HAVE_LOCALE_H 1
| #define HAVE_STRING_H 1
| #define NEED_SYS_TYPES_H 1
| /* end confdefs.h.  */
| #include <stdio.h>
| #ifdef HAVE_SYS_TYPES_H
| # include <sys/types.h>
| #endif
| #ifdef HAVE_SYS_STAT_H
| # include <sys/stat.h>
| #endif
| #ifdef STDC_HEADERS
| # include <stdlib.h>
| # include <stddef.h>
| #else
| # ifdef HAVE_STDLIB_H
| #  include <stdlib.h>
| # endif
| #endif
| #ifdef HAVE_STRING_H
| # if !defined STDC_HEADERS && defined HAVE_MEMORY_H
| #  include <memory.h>
| # endif
| # include <string.h>
| #endif
| #ifdef HAVE_STRINGS_H
| # include <strings.h>
| #endif
| #ifdef HAVE_INTTYPES_H
| # include <inttypes.h>
| #endif
| #ifdef HAVE_STDINT_H
| # include <stdint.h>
| #endif
| #ifdef HAVE_UNISTD_H
| # include <unistd.h>
| #endif
| int
| main ()
| {
| if (sizeof ((unsigned char)))
| 	    return 0;
|   ;
|   return 0;
| }
configure:13868: result: yes
configure:13877: checking for unsigned short
configure:13877: /Applications/Xcode.app/Contents/Developer/Toolchains/XcodeDefault.xctoolchain/usr/bin/clang -c -isysroot /Applications/Xcode.app/Contents/Developer/Platforms/iPhoneOS.platform/Developer/SDKs/iPhoneOS12.2.sdk -arch arm64 -I/Library/Developer/CommandLineTools/Toolchains/XcodeDefault.xctoolchain/usr/include -miphoneos-version-min=8.0 -DUSE_FILE32API -O3 -DNDEBUG  -Wall conftest.c >&5
configure:13877: $? = 0
configure:13877: /Applications/Xcode.app/Contents/Developer/Toolchains/XcodeDefault.xctoolchain/usr/bin/clang -c -isysroot /Applications/Xcode.app/Contents/Developer/Platforms/iPhoneOS.platform/Developer/SDKs/iPhoneOS12.2.sdk -arch arm64 -I/Library/Developer/CommandLineTools/Toolchains/XcodeDefault.xctoolchain/usr/include -miphoneos-version-min=8.0 -DUSE_FILE32API -O3 -DNDEBUG  -Wall conftest.c >&5
conftest.c:65:29: error: expected expression
if (sizeof ((unsigned short)))
                            ^
1 error generated.
configure:13877: $? = 1
configure: failed program was:
| /* confdefs.h */
| #define PACKAGE_NAME "libjpeg-turbo"
| #define PACKAGE_TARNAME "libjpeg-turbo"
| #define PACKAGE_VERSION "1.5.3"
| #define PACKAGE_STRING "libjpeg-turbo 1.5.3"
| #define PACKAGE_BUGREPORT ""
| #define PACKAGE_URL ""
| #define PACKAGE "libjpeg-turbo"
| #define VERSION "1.5.3"
| #define HAVE_SYS_TYPES_H 1
| #define HAVE_SYS_STAT_H 1
| #define HAVE_STDLIB_H 1
| #define HAVE_STRING_H 1
| #define HAVE_MEMORY_H 1
| #define HAVE_STRINGS_H 1
| #define HAVE_INTTYPES_H 1
| #define HAVE_STDINT_H 1
| #define HAVE_UNISTD_H 1
| #define HAVE_DLFCN_H 1
| #define LT_OBJDIR ".libs/"
| #define SIZEOF_SIZE_T 8
| #define HAVE_STDDEF_H 1
| #define HAVE_STDLIB_H 1
| #define HAVE_LOCALE_H 1
| #define HAVE_STRING_H 1
| #define NEED_SYS_TYPES_H 1
| #define HAVE_UNSIGNED_CHAR 1
| /* end confdefs.h.  */
| #include <stdio.h>
| #ifdef HAVE_SYS_TYPES_H
| # include <sys/types.h>
| #endif
| #ifdef HAVE_SYS_STAT_H
| # include <sys/stat.h>
| #endif
| #ifdef STDC_HEADERS
| # include <stdlib.h>
| # include <stddef.h>
| #else
| # ifdef HAVE_STDLIB_H
| #  include <stdlib.h>
| # endif
| #endif
| #ifdef HAVE_STRING_H
| # if !defined STDC_HEADERS && defined HAVE_MEMORY_H
| #  include <memory.h>
| # endif
| # include <string.h>
| #endif
| #ifdef HAVE_STRINGS_H
| # include <strings.h>
| #endif
| #ifdef HAVE_INTTYPES_H
| # include <inttypes.h>
| #endif
| #ifdef HAVE_STDINT_H
| # include <stdint.h>
| #endif
| #ifdef HAVE_UNISTD_H
| # include <unistd.h>
| #endif
| int
| main ()
| {
| if (sizeof ((unsigned short)))
| 	    return 0;
|   ;
|   return 0;
| }
configure:13877: result: yes
configure:13888: checking if right shift is signed
configure:13891: result: Assuming that right shift is signed on target machine.
configure:13936: checking for memset
configure:13936: /Applications/Xcode.app/Contents/Developer/Toolchains/XcodeDefault.xctoolchain/usr/bin/clang -o conftest -isysroot /Applications/Xcode.app/Contents/Developer/Platforms/iPhoneOS.platform/Developer/SDKs/iPhoneOS12.2.sdk -arch arm64 -I/Library/Developer/CommandLineTools/Toolchains/XcodeDefault.xctoolchain/usr/include -miphoneos-version-min=8.0 -DUSE_FILE32API -O3 -DNDEBUG  -Wall -isysroot /Applications/Xcode.app/Contents/Developer/Platforms/iPhoneOS.platform/Developer/SDKs/iPhoneOS12.2.sdk -arch arm64 -I/Library/Developer/CommandLineTools/Toolchains/XcodeDefault.xctoolchain/usr/include -miphoneos-version-min=8.0  conftest.c  >&5
conftest.c:53:6: warning: incompatible redeclaration of library function 'memset' [-Wincompatible-library-redeclaration]
char memset ();
     ^
conftest.c:53:6: note: 'memset' is a builtin with type 'void *(void *, int, unsigned long)'
1 warning generated.
configure:13936: $? = 0
configure:13936: result: yes
configure:13936: checking for memcpy
configure:13936: /Applications/Xcode.app/Contents/Developer/Toolchains/XcodeDefault.xctoolchain/usr/bin/clang -o conftest -isysroot /Applications/Xcode.app/Contents/Developer/Platforms/iPhoneOS.platform/Developer/SDKs/iPhoneOS12.2.sdk -arch arm64 -I/Library/Developer/CommandLineTools/Toolchains/XcodeDefault.xctoolchain/usr/include -miphoneos-version-min=8.0 -DUSE_FILE32API -O3 -DNDEBUG  -Wall -isysroot /Applications/Xcode.app/Contents/Developer/Platforms/iPhoneOS.platform/Developer/SDKs/iPhoneOS12.2.sdk -arch arm64 -I/Library/Developer/CommandLineTools/Toolchains/XcodeDefault.xctoolchain/usr/include -miphoneos-version-min=8.0  conftest.c  >&5
conftest.c:54:6: warning: incompatible redeclaration of library function 'memcpy' [-Wincompatible-library-redeclaration]
char memcpy ();
     ^
conftest.c:54:6: note: 'memcpy' is a builtin with type 'void *(void *, const void *, unsigned long)'
1 warning generated.
configure:13936: $? = 0
configure:13936: result: yes
configure:13950: checking libjpeg API version
configure:13978: result: 6.2
configure:14007: checking whether to include in-memory source/destination managers
configure:14016: result: yes
configure:14030: checking libjpeg shared library version
configure:14032: result: 62.2.0
configure:14068: checking whether the linker supports version scripts
configure:14088: /Applications/Xcode.app/Contents/Developer/Toolchains/XcodeDefault.xctoolchain/usr/bin/clang -o conftest -isysroot /Applications/Xcode.app/Contents/Developer/Platforms/iPhoneOS.platform/Developer/SDKs/iPhoneOS12.2.sdk -arch arm64 -I/Library/Developer/CommandLineTools/Toolchains/XcodeDefault.xctoolchain/usr/include -miphoneos-version-min=8.0 -DUSE_FILE32API -O3 -DNDEBUG  -Wall -isysroot /Applications/Xcode.app/Contents/Developer/Platforms/iPhoneOS.platform/Developer/SDKs/iPhoneOS12.2.sdk -arch arm64 -I/Library/Developer/CommandLineTools/Toolchains/XcodeDefault.xctoolchain/usr/include -miphoneos-version-min=8.0  -Wl,--version-script,conftest.map conftest.c  >&5
ld: unknown option: --version-script
clang: error: linker command failed with exit code 1 (use -v to see invocation)
configure:14088: $? = 1
configure: failed program was:
| /* confdefs.h */
| #define PACKAGE_NAME "libjpeg-turbo"
| #define PACKAGE_TARNAME "libjpeg-turbo"
| #define PACKAGE_VERSION "1.5.3"
| #define PACKAGE_STRING "libjpeg-turbo 1.5.3"
| #define PACKAGE_BUGREPORT ""
| #define PACKAGE_URL ""
| #define PACKAGE "libjpeg-turbo"
| #define VERSION "1.5.3"
| #define HAVE_SYS_TYPES_H 1
| #define HAVE_SYS_STAT_H 1
| #define HAVE_STDLIB_H 1
| #define HAVE_STRING_H 1
| #define HAVE_MEMORY_H 1
| #define HAVE_STRINGS_H 1
| #define HAVE_INTTYPES_H 1
| #define HAVE_STDINT_H 1
| #define HAVE_UNISTD_H 1
| #define HAVE_DLFCN_H 1
| #define LT_OBJDIR ".libs/"
| #define SIZEOF_SIZE_T 8
| #define HAVE_STDDEF_H 1
| #define HAVE_STDLIB_H 1
| #define HAVE_LOCALE_H 1
| #define HAVE_STRING_H 1
| #define NEED_SYS_TYPES_H 1
| #define HAVE_UNSIGNED_CHAR 1
| #define HAVE_UNSIGNED_SHORT 1
| #define HAVE_MEMSET 1
| #define HAVE_MEMCPY 1
| #define JPEG_LIB_VERSION 62
| #define MEM_SRCDST_SUPPORTED 1
| #define LIBJPEG_TURBO_VERSION 1.5.3
| #define LIBJPEG_TURBO_VERSION_NUMBER 1005003
| /* end confdefs.h.  */
| 
| int
| main ()
| {
| 
|   ;
|   return 0;
| }
configure:14108: /Applications/Xcode.app/Contents/Developer/Toolchains/XcodeDefault.xctoolchain/usr/bin/clang -o conftest -isysroot /Applications/Xcode.app/Contents/Developer/Platforms/iPhoneOS.platform/Developer/SDKs/iPhoneOS12.2.sdk -arch arm64 -I/Library/Developer/CommandLineTools/Toolchains/XcodeDefault.xctoolchain/usr/include -miphoneos-version-min=8.0 -DUSE_FILE32API -O3 -DNDEBUG  -Wall -isysroot /Applications/Xcode.app/Contents/Developer/Platforms/iPhoneOS.platform/Developer/SDKs/iPhoneOS12.2.sdk -arch arm64 -I/Library/Developer/CommandLineTools/Toolchains/XcodeDefault.xctoolchain/usr/include -miphoneos-version-min=8.0  -Wl,-M,conftest.map conftest.c  >&5
ld: warning: ignoring file conftest.map, file was built for unsupported file format ( 0x56 0x45 0x52 0x53 0x5F 0x31 0x20 0x7B 0x0A 0x20 0x20 0x67 0x6C 0x6F 0x62 0x61 ) which is not the architecture being linked (arm64): conftest.map
configure:14108: $? = 0
configure:14110: result: yes (Sun style)
configure:14123: checking whether to use version script when building libjpeg-turbo
configure:14125: result: yes
configure:14139: checking for inline
configure:14154: /Applications/Xcode.app/Contents/Developer/Toolchains/XcodeDefault.xctoolchain/usr/bin/clang -c -isysroot /Applications/Xcode.app/Contents/Developer/Platforms/iPhoneOS.platform/Developer/SDKs/iPhoneOS12.2.sdk -arch arm64 -I/Library/Developer/CommandLineTools/Toolchains/XcodeDefault.xctoolchain/usr/include -miphoneos-version-min=8.0 -DUSE_FILE32API -O3 -DNDEBUG  -Wall conftest.c >&5
configure:14154: $? = 0
configure:14209: result: inline __attribute__((always_inline))
configure:14218: checking whether to include arithmetic encoding support
configure:14240: result: yes
configure:14252: checking whether to include arithmetic decoding support
configure:14274: result: yes
configure:14296: checking whether to use 12-bit samples
configure:14311: result: no
configure:14324: checking whether to build TurboJPEG C wrapper
configure:14340: result: yes
configure:14365: checking whether to build TurboJPEG Java wrapper
configure:14421: result: no
configure:14471: checking if we have SIMD optimisations for cpu type
configure:14877: result: yes (arm)
configure:14879: checking if the assembler is GNU-compatible and can be used
configure:14898: /Applications/Xcode.app/Contents/Developer/Toolchains/XcodeDefault.xctoolchain/usr/bin/clang -c -isysroot /Applications/Xcode.app/Contents/Developer/Platforms/iPhoneOS.platform/Developer/SDKs/iPhoneOS12.2.sdk -arch arm64 -I/Library/Developer/CommandLineTools/Toolchains/XcodeDefault.xctoolchain/usr/include -miphoneos-version-min=8.0 -DUSE_FILE32API -O3 -DNDEBUG  -x assembler-with-cpp -Wall conftest.c >&5
conftest.c:41:5: error: unknown directive
    .fpu neon
    ^
conftest.c:42:11: error: unknown arch name
    .arch armv7a
          ^
conftest.c:43:5: error: unknown directive
    .object_arch armv4
    ^
conftest.c:44:5: error: unknown directive
    .arm
    ^
conftest.c:45:12: error: unexpected token in argument list
    pld [r0]
           ^
conftest.c:46:5: error: unrecognized instruction mnemonic, did you mean: mov, movn, mvn?
    vmovn.u16 d0, q0
    ^
configure:14898: $? = 1
configure: failed program was:
| /* confdefs.h */
| #define PACKAGE_NAME "libjpeg-turbo"
| #define PACKAGE_TARNAME "libjpeg-turbo"
| #define PACKAGE_VERSION "1.5.3"
| #define PACKAGE_STRING "libjpeg-turbo 1.5.3"
| #define PACKAGE_BUGREPORT ""
| #define PACKAGE_URL ""
| #define PACKAGE "libjpeg-turbo"
| #define VERSION "1.5.3"
| #define HAVE_SYS_TYPES_H 1
| #define HAVE_SYS_STAT_H 1
| #define HAVE_STDLIB_H 1
| #define HAVE_STRING_H 1
| #define HAVE_MEMORY_H 1
| #define HAVE_STRINGS_H 1
| #define HAVE_INTTYPES_H 1
| #define HAVE_STDINT_H 1
| #define HAVE_UNISTD_H 1
| #define HAVE_DLFCN_H 1
| #define LT_OBJDIR ".libs/"
| #define SIZEOF_SIZE_T 8
| #define HAVE_STDDEF_H 1
| #define HAVE_STDLIB_H 1
| #define HAVE_LOCALE_H 1
| #define HAVE_STRING_H 1
| #define NEED_SYS_TYPES_H 1
| #define HAVE_UNSIGNED_CHAR 1
| #define HAVE_UNSIGNED_SHORT 1
| #define HAVE_MEMSET 1
| #define HAVE_MEMCPY 1
| #define JPEG_LIB_VERSION 62
| #define MEM_SRCDST_SUPPORTED 1
| #define LIBJPEG_TURBO_VERSION 1.5.3
| #define LIBJPEG_TURBO_VERSION_NUMBER 1005003
| #define INLINE inline __attribute__((always_inline))
| #define C_ARITH_CODING_SUPPORTED 1
| #define D_ARITH_CODING_SUPPORTED 1
| /* end confdefs.h.  */
| 
|     .text
|     .fpu neon
|     .arch armv7a
|     .object_arch armv4
|     .arm
|     pld [r0]
|     vmovn.u16 d0, q0
configure:14917: gas-preprocessor.pl /Applications/Xcode.app/Contents/Developer/Toolchains/XcodeDefault.xctoolchain/usr/bin/clang -c -isysroot /Applications/Xcode.app/Contents/Developer/Platforms/iPhoneOS.platform/Developer/SDKs/iPhoneOS12.2.sdk -arch arm64 -I/Library/Developer/CommandLineTools/Toolchains/XcodeDefault.xctoolchain/usr/include -miphoneos-version-min=8.0 -DUSE_FILE32API -O3 -DNDEBUG  -x assembler-with-cpp -Wall conftest.c >&5
./configure: line 1652: gas-preprocessor.pl: command not found
configure:14917: $? = 127
configure: failed program was:
| /* confdefs.h */
| #define PACKAGE_NAME "libjpeg-turbo"
| #define PACKAGE_TARNAME "libjpeg-turbo"
| #define PACKAGE_VERSION "1.5.3"
| #define PACKAGE_STRING "libjpeg-turbo 1.5.3"
| #define PACKAGE_BUGREPORT ""
| #define PACKAGE_URL ""
| #define PACKAGE "libjpeg-turbo"
| #define VERSION "1.5.3"
| #define HAVE_SYS_TYPES_H 1
| #define HAVE_SYS_STAT_H 1
| #define HAVE_STDLIB_H 1
| #define HAVE_STRING_H 1
| #define HAVE_MEMORY_H 1
| #define HAVE_STRINGS_H 1
| #define HAVE_INTTYPES_H 1
| #define HAVE_STDINT_H 1
| #define HAVE_UNISTD_H 1
| #define HAVE_DLFCN_H 1
| #define LT_OBJDIR ".libs/"
| #define SIZEOF_SIZE_T 8
| #define HAVE_STDDEF_H 1
| #define HAVE_STDLIB_H 1
| #define HAVE_LOCALE_H 1
| #define HAVE_STRING_H 1
| #define NEED_SYS_TYPES_H 1
| #define HAVE_UNSIGNED_CHAR 1
| #define HAVE_UNSIGNED_SHORT 1
| #define HAVE_MEMSET 1
| #define HAVE_MEMCPY 1
| #define JPEG_LIB_VERSION 62
| #define MEM_SRCDST_SUPPORTED 1
| #define LIBJPEG_TURBO_VERSION 1.5.3
| #define LIBJPEG_TURBO_VERSION_NUMBER 1005003
| #define INLINE inline __attribute__((always_inline))
| #define C_ARITH_CODING_SUPPORTED 1
| #define D_ARITH_CODING_SUPPORTED 1
| /* end confdefs.h.  */
| 
|       .text
|       .fpu neon
|       .arch armv7a
|       .object_arch armv4
|       .arm
|       pld [r0]
|       vmovn.u16 d0, q0
configure:14941: result: no
configure:14950: WARNING: SIMD support can't be enabled.  Performance will suffer.
configure:15433: checking that generated files are newer than configure
configure:15439: result: done
configure:15538: creating ./config.status

## ---------------------- ##
## Running config.status. ##
## ---------------------- ##

This file was extended by libjpeg-turbo config.status 1.5.3, which was
generated by GNU Autoconf 2.69.  Invocation command line was

  CONFIG_FILES    = 
  CONFIG_HEADERS  = 
  CONFIG_LINKS    = 
  CONFIG_COMMANDS = 
  $ ./config.status 

on Jetts-MBP.local

config.status:1178: creating pkgscripts/libjpeg-turbo.spec.tmpl
config.status:1178: creating pkgscripts/makecygwinpkg.tmpl
config.status:1178: creating pkgscripts/makedpkg.tmpl
config.status:1178: creating pkgscripts/makemacpkg.tmpl
config.status:1178: creating pkgscripts/uninstall.tmpl
config.status:1178: creating pkgscripts/libjpeg.pc
config.status:1178: creating pkgscripts/libturbojpeg.pc
config.status:1178: creating tjbenchtest
config.status:1178: creating libjpeg.map
config.status:1178: creating Makefile
config.status:1178: creating simd/Makefile
config.status:1178: creating java/Makefile
config.status:1178: creating md5/Makefile
config.status:1178: creating config.h
config.status:1178: creating jconfig.h
config.status:1359: jconfig.h is unchanged
config.status:1178: creating jconfigint.h
config.status:1407: executing depfiles commands
config.status:1484: cd .       && sed -e '/# am--include-marker/d' Makefile         | make -f - am--depfiles
make: Nothing to be done for `am--depfiles'.
config.status:1489: $? = 0
config.status:1484: cd simd       && sed -e '/# am--include-marker/d' Makefile         | make -f - am--depfiles
make: Nothing to be done for `am--depfiles'.
config.status:1489: $? = 0
config.status:1484: cd md5       && sed -e '/# am--include-marker/d' Makefile         | make -f - am--depfiles
make: Nothing to be done for `am--depfiles'.
config.status:1489: $? = 0
config.status:1407: executing libtool commands

## ---------------- ##
## Cache variables. ##
## ---------------- ##

ac_cv_build=x86_64-apple-darwin
ac_cv_c_char_unsigned=no
ac_cv_c_compiler_gnu=yes
ac_cv_c_const=yes
ac_cv_c_inline=inline
ac_cv_env_CCASFLAGS_set=
ac_cv_env_CCASFLAGS_value=
ac_cv_env_CCAS_set=
ac_cv_env_CCAS_value=
ac_cv_env_CC_set=set
ac_cv_env_CC_value=/Applications/Xcode.app/Contents/Developer/Toolchains/XcodeDefault.xctoolchain/usr/bin/clang
ac_cv_env_CFLAGS_set=set
ac_cv_env_CFLAGS_value='-isysroot /Applications/Xcode.app/Contents/Developer/Platforms/iPhoneOS.platform/Developer/SDKs/iPhoneOS12.2.sdk -arch arm64 -I/Library/Developer/CommandLineTools/Toolchains/XcodeDefault.xctoolchain/usr/include -miphoneos-version-min=8.0 -DUSE_FILE32API -O3 -DNDEBUG '
ac_cv_env_CPPFLAGS_set=
ac_cv_env_CPPFLAGS_value=
ac_cv_env_CPP_set=
ac_cv_env_CPP_value=
ac_cv_env_JAR_set=
ac_cv_env_JAR_value=
ac_cv_env_JAVACFLAGS_set=
ac_cv_env_JAVACFLAGS_value=
ac_cv_env_JAVAC_set=
ac_cv_env_JAVAC_value=
ac_cv_env_JAVA_set=
ac_cv_env_JAVA_value=
ac_cv_env_JNI_CFLAGS_set=
ac_cv_env_JNI_CFLAGS_value=
ac_cv_env_JPEG_LIB_VERSION_set=
ac_cv_env_JPEG_LIB_VERSION_value=
ac_cv_env_LDFLAGS_set=set
ac_cv_env_LDFLAGS_value='-isysroot /Applications/Xcode.app/Contents/Developer/Platforms/iPhoneOS.platform/Developer/SDKs/iPhoneOS12.2.sdk -arch arm64 -I/Library/Developer/CommandLineTools/Toolchains/XcodeDefault.xctoolchain/usr/include -miphoneos-version-min=8.0 '
ac_cv_env_LIBS_set=
ac_cv_env_LIBS_value=
ac_cv_env_LT_SYS_LIBRARY_PATH_set=
ac_cv_env_LT_SYS_LIBRARY_PATH_value=
ac_cv_env_NASM_set=
ac_cv_env_NASM_value=
ac_cv_env_PKGNAME_set=
ac_cv_env_PKGNAME_value=
ac_cv_env_SO_MAJOR_VERSION_set=
ac_cv_env_SO_MAJOR_VERSION_value=
ac_cv_env_SO_MINOR_VERSION_set=
ac_cv_env_SO_MINOR_VERSION_value=
ac_cv_env_build_alias_set=set
ac_cv_env_build_alias_value=x86_64-apple-darwin
ac_cv_env_host_alias_set=set
ac_cv_env_host_alias_value=arm-apple-darwin
ac_cv_env_target_alias_set=set
ac_cv_env_target_alias_value=/Applications/Xcode.app/Contents/Developer/Platforms/iPhoneOS.platform/Developer/SDKs/iPhoneOS12.2.sdk
ac_cv_func_memcpy=yes
ac_cv_func_memset=yes
ac_cv_have_decl___SUNPRO_C=no
ac_cv_header_dlfcn_h=yes
ac_cv_header_inttypes_h=yes
ac_cv_header_locale_h=yes
ac_cv_header_memory_h=yes
ac_cv_header_stdc=no
ac_cv_header_stddef_h=yes
ac_cv_header_stdint_h=yes
ac_cv_header_stdlib_h=yes
ac_cv_header_string_h=yes
ac_cv_header_strings_h=yes
ac_cv_header_sys_stat_h=yes
ac_cv_header_sys_types_h=yes
ac_cv_header_unistd_h=yes
ac_cv_host=arm-apple-darwin
ac_cv_objext=o
ac_cv_path_EGREP='/usr/bin/grep -E'
ac_cv_path_FGREP='/usr/bin/grep -F'
ac_cv_path_GREP=/usr/bin/grep
ac_cv_path_SED=/usr/bin/sed
ac_cv_path_install='/usr/bin/install -c'
ac_cv_path_lt_DD=/bin/dd
ac_cv_prog_AR=ar
ac_cv_prog_AWK=awk
ac_cv_prog_CC=/Applications/Xcode.app/Contents/Developer/Toolchains/XcodeDefault.xctoolchain/usr/bin/clang
ac_cv_prog_CPP='/Applications/Xcode.app/Contents/Developer/Toolchains/XcodeDefault.xctoolchain/usr/bin/clang -E'
ac_cv_prog_STRIP=strip
ac_cv_prog_ac_ct_AR=ar
ac_cv_prog_ac_ct_DSYMUTIL=dsymutil
ac_cv_prog_ac_ct_DUMPBIN='link -dump'
ac_cv_prog_ac_ct_LIPO=lipo
ac_cv_prog_ac_ct_NMEDIT=nmedit
ac_cv_prog_ac_ct_OBJDUMP=objdump
ac_cv_prog_ac_ct_OTOOL=otool
ac_cv_prog_ac_ct_RANLIB=ranlib
ac_cv_prog_ac_ct_STRIP=strip
ac_cv_prog_cc_c89=
ac_cv_prog_cc_g=yes
ac_cv_prog_make_make_set=yes
ac_cv_sizeof_size_t=8
ac_cv_type_size_t=yes
ac_cv_type_unsigned_char=yes
ac_cv_type_unsigned_short=yes
am_cv_CCAS_dependencies_compiler_type=gcc3
am_cv_CC_dependencies_compiler_type=gcc3
am_cv_ar_interface=ar
am_cv_make_support_nested_variables=yes
am_cv_prog_cc_c_o=yes
ljt_cv_inline='inline __attribute__((always_inline))'
lt_cv_apple_cc_single_mod=yes
lt_cv_ar_at_file=no
lt_cv_deplibs_check_method=pass_all
lt_cv_file_magic_cmd='$MAGIC_CMD'
lt_cv_file_magic_test_file=
lt_cv_ld_exported_symbols_list=yes
lt_cv_ld_force_load=yes
lt_cv_ld_reload_flag=-r
lt_cv_nm_interface='BSD nm'
lt_cv_objdir=.libs
lt_cv_path_LD=/Applications/Xcode.app/Contents/Developer/Toolchains/XcodeDefault.xctoolchain/usr/bin/clang
lt_cv_path_NM=no
lt_cv_path_mainfest_tool=no
lt_cv_prog_compiler_c_o=yes
lt_cv_prog_compiler_pic='-fno-common -DPIC'
lt_cv_prog_compiler_pic_works=yes
lt_cv_prog_compiler_rtti_exceptions=yes
lt_cv_prog_compiler_static_works=no
lt_cv_prog_gnu_ld=no
lt_cv_sharedlib_from_linklib_cmd='printf %s\n'
lt_cv_sys_global_symbol_pipe='sed -n -e '\''s/^.*[	 ]\([BCDEGRST][BCDEGRST]*\)[	 ][	 ]*_\([_A-Za-z][_A-Za-z0-9]*\)$/\1 _\2 \2/p'\'' | sed '\''/ __gnu_lto/d'\'''
lt_cv_sys_global_symbol_to_c_name_address='sed -n -e '\''s/^: \(.*\) .*$/  {"\1", (void *) 0},/p'\'' -e '\''s/^[BCDEGRST][BCDEGRST]* .* \(.*\)$/  {"\1", (void *) \&\1},/p'\'''
lt_cv_sys_global_symbol_to_c_name_address_lib_prefix='sed -n -e '\''s/^: \(.*\) .*$/  {"\1", (void *) 0},/p'\'' -e '\''s/^[BCDEGRST][BCDEGRST]* .* \(lib.*\)$/  {"\1", (void *) \&\1},/p'\'' -e '\''s/^[BCDEGRST][BCDEGRST]* .* \(.*\)$/  {"lib\1", (void *) \&\1},/p'\'''
lt_cv_sys_global_symbol_to_cdecl='sed -n -e '\''s/^T .* \(.*\)$/extern int \1();/p'\'' -e '\''s/^[BCDEGRST][BCDEGRST]* .* \(.*\)$/extern char \1;/p'\'''
lt_cv_sys_global_symbol_to_import=
lt_cv_sys_max_cmd_len=196608
lt_cv_to_host_file_cmd=func_convert_file_noop
lt_cv_to_tool_file_cmd=func_convert_file_noop
lt_cv_truncate_bin='/bin/dd bs=4096 count=1'

## ----------------- ##
## Output variables. ##
## ----------------- ##

ACLOCAL='${SHELL} /Users/jett/Workspace/Git/libjpeg-turbo-iOS/src/libjpeg-turbo-1.5.3/missing aclocal-1.16'
AMDEPBACKSLASH='\'
AMDEP_FALSE='#'
AMDEP_TRUE=''
AMTAR='$${TAR-tar}'
AM_BACKSLASH='\'
AM_DEFAULT_V='$(AM_DEFAULT_VERBOSITY)'
AM_DEFAULT_VERBOSITY='1'
AM_V='$(V)'
AR='ar'
AUTOCONF='${SHELL} /Users/jett/Workspace/Git/libjpeg-turbo-iOS/src/libjpeg-turbo-1.5.3/missing autoconf'
AUTOHEADER='${SHELL} /Users/jett/Workspace/Git/libjpeg-turbo-iOS/src/libjpeg-turbo-1.5.3/missing autoheader'
AUTOMAKE='${SHELL} /Users/jett/Workspace/Git/libjpeg-turbo-iOS/src/libjpeg-turbo-1.5.3/missing automake-1.16'
AWK='awk'
BUILD='20190820'
CC='/Applications/Xcode.app/Contents/Developer/Toolchains/XcodeDefault.xctoolchain/usr/bin/clang'
CCAS='/Applications/Xcode.app/Contents/Developer/Toolchains/XcodeDefault.xctoolchain/usr/bin/clang'
CCASDEPMODE='depmode=gcc3'
CCASFLAGS='-isysroot /Applications/Xcode.app/Contents/Developer/Platforms/iPhoneOS.platform/Developer/SDKs/iPhoneOS12.2.sdk -arch arm64 -I/Library/Developer/CommandLineTools/Toolchains/XcodeDefault.xctoolchain/usr/include -miphoneos-version-min=8.0 -DUSE_FILE32API -O3 -DNDEBUG '
CCDEPMODE='depmode=gcc3'
CFLAGS='-isysroot /Applications/Xcode.app/Contents/Developer/Platforms/iPhoneOS.platform/Developer/SDKs/iPhoneOS12.2.sdk -arch arm64 -I/Library/Developer/CommandLineTools/Toolchains/XcodeDefault.xctoolchain/usr/include -miphoneos-version-min=8.0 -DUSE_FILE32API -O3 -DNDEBUG '
CPP='/Applications/Xcode.app/Contents/Developer/Toolchains/XcodeDefault.xctoolchain/usr/bin/clang -E'
CPPFLAGS='-Wall'
CROSS_COMPILING_FALSE='#'
CROSS_COMPILING_TRUE=''
CYGPATH_W='echo'
DEBARCH='x86_64'
DEFS='-DHAVE_CONFIG_H'
DEPDIR='.deps'
DLLTOOL='false'
DSYMUTIL='dsymutil'
DUMPBIN=':'
ECHO_C='\c'
ECHO_N=''
ECHO_T=''
EGREP='/usr/bin/grep -E'
EXEEXT=''
FGREP='/usr/bin/grep -F'
GREP='/usr/bin/grep'
INSTALL_DATA='${INSTALL} -m 644'
INSTALL_PROGRAM='${INSTALL}'
INSTALL_SCRIPT='${INSTALL}'
INSTALL_STRIP_PROGRAM='$(install_sh) -c -s'
JAR='jar'
JAVA='java'
JAVAC='javac'
JAVACFLAGS=' -J-Dfile.encoding=UTF8'
JAVA_RPM_CONTENTS_1=''
JAVA_RPM_CONTENTS_2=''
JNI_CFLAGS=''
JPEG_LIB_VERSION='62'
JPEG_LIB_VERSION_DECIMAL='6.2'
LD='/Applications/Xcode.app/Contents/Developer/Toolchains/XcodeDefault.xctoolchain/usr/bin/clang'
LDFLAGS='-isysroot /Applications/Xcode.app/Contents/Developer/Platforms/iPhoneOS.platform/Developer/SDKs/iPhoneOS12.2.sdk -arch arm64 -I/Library/Developer/CommandLineTools/Toolchains/XcodeDefault.xctoolchain/usr/include -miphoneos-version-min=8.0 '
LIBOBJS=''
LIBS=''
LIBTOOL='$(SHELL) $(top_builddir)/libtool'
LIBTOOL_CURRENT='64'
LIPO='lipo'
LN_S='ln -s'
LTLIBOBJS=''
LT_SYS_LIBRARY_PATH=''
MAKEINFO='${SHELL} /Users/jett/Workspace/Git/libjpeg-turbo-iOS/src/libjpeg-turbo-1.5.3/missing makeinfo'
MANIFEST_TOOL=':'
MEM_SRCDST_FUNCTIONS='global:  jpeg_mem_dest;  jpeg_mem_src;'
MKDIR_P='./install-sh -c -d'
NAFLAGS=''
NASM=''
NM='nm'
NMEDIT='nmedit'
OBJDUMP='objdump'
OBJEXT='o'
OTOOL64=':'
OTOOL='otool'
PACKAGE='libjpeg-turbo'
PACKAGE_BUGREPORT=''
PACKAGE_NAME='libjpeg-turbo'
PACKAGE_STRING='libjpeg-turbo 1.5.3'
PACKAGE_TARNAME='libjpeg-turbo'
PACKAGE_URL=''
PACKAGE_VERSION='1.5.3'
PATH_SEPARATOR=':'
PKGNAME='libjpeg-turbo'
RANLIB='ranlib'
RPMARCH='x86_64'
RPM_CONFIG_ARGS=''
SED='/usr/bin/sed'
SET_MAKE=''
SHELL='/bin/sh'
SIMD_ARM_64_FALSE=''
SIMD_ARM_64_TRUE='#'
SIMD_ARM_FALSE=''
SIMD_ARM_TRUE='#'
SIMD_I386_FALSE=''
SIMD_I386_TRUE='#'
SIMD_MIPS_FALSE=''
SIMD_MIPS_TRUE='#'
SIMD_POWERPC_FALSE=''
SIMD_POWERPC_TRUE='#'
SIMD_X86_64_FALSE=''
SIMD_X86_64_TRUE='#'
SO_AGE='2'
SO_MAJOR_VERSION='62'
SO_MINOR_VERSION='0'
STRIP='strip'
VERSION='1.5.3'
VERSION_SCRIPT_FALSE='#'
VERSION_SCRIPT_FLAG='-Wl,-M,'
VERSION_SCRIPT_TRUE=''
WITH_12BIT_FALSE=''
WITH_12BIT_TRUE='#'
WITH_ARITH_DEC_FALSE='#'
WITH_ARITH_DEC_TRUE=''
WITH_ARITH_ENC_FALSE='#'
WITH_ARITH_ENC_TRUE=''
WITH_ARITH_FALSE='#'
WITH_ARITH_TRUE=''
WITH_JAVA='0'
WITH_JAVA_FALSE=''
WITH_JAVA_TRUE='#'
WITH_SIMD_FALSE=''
WITH_SIMD_TRUE='#'
WITH_SSE_FLOAT_DCT_FALSE=''
WITH_SSE_FLOAT_DCT_TRUE='#'
WITH_TURBOJPEG_FALSE='#'
WITH_TURBOJPEG_TRUE=''
X86_64_FALSE=''
X86_64_TRUE='#'
ac_ct_AR='ar'
ac_ct_CC=''
ac_ct_DUMPBIN='link -dump'
am__EXEEXT_FALSE=''
am__EXEEXT_TRUE='#'
am__fastdepCCAS_FALSE='#'
am__fastdepCCAS_TRUE=''
am__fastdepCC_FALSE='#'
am__fastdepCC_TRUE=''
am__include='include'
am__isrc=''
am__leading_dot='.'
am__nodep='_no'
am__quote=''
am__tar='$${TAR-tar} chof - "$$tardir"'
am__untar='$${TAR-tar} xf -'
bindir='${exec_prefix}/bin'
build='x86_64-apple-darwin'
build_alias='x86_64-apple-darwin'
build_cpu='x86_64'
build_os='darwin'
build_vendor='apple'
datadir='${datarootdir}'
datarootdir='${prefix}/share'
docdir='${datarootdir}/doc/${PACKAGE_TARNAME}'
dvidir='${docdir}'
exec_prefix='${prefix}'
host='arm-apple-darwin'
host_alias='arm-apple-darwin'
host_cpu='arm'
host_os='darwin'
host_vendor='apple'
htmldir='${docdir}'
includedir='${prefix}/include'
infodir='${datarootdir}/info'
install_sh='${SHELL} /Users/jett/Workspace/Git/libjpeg-turbo-iOS/src/libjpeg-turbo-1.5.3/install-sh'
libdir='${exec_prefix}/lib'
libexecdir='${exec_prefix}/libexec'
localedir='${datarootdir}/locale'
localstatedir='${prefix}/var'
mandir='${datarootdir}/man'
mkdir_p='$(MKDIR_P)'
oldincludedir='/usr/include'
pdfdir='${docdir}'
prefix='/Users/jett/Workspace/Git/libjpeg-turbo-iOS/build/iPhoneOS12.2-arm64.sdk'
program_transform_name='s,x,x,'
psdir='${docdir}'
sbindir='${exec_prefix}/sbin'
sharedstatedir='${prefix}/com'
sysconfdir='${prefix}/etc'
target_alias='/Applications/Xcode.app/Contents/Developer/Platforms/iPhoneOS.platform/Developer/SDKs/iPhoneOS12.2.sdk'

## ----------- ##
## confdefs.h. ##
## ----------- ##

/* confdefs.h */
#define PACKAGE_NAME "libjpeg-turbo"
#define PACKAGE_TARNAME "libjpeg-turbo"
#define PACKAGE_VERSION "1.5.3"
#define PACKAGE_STRING "libjpeg-turbo 1.5.3"
#define PACKAGE_BUGREPORT ""
#define PACKAGE_URL ""
#define PACKAGE "libjpeg-turbo"
#define VERSION "1.5.3"
#define HAVE_SYS_TYPES_H 1
#define HAVE_SYS_STAT_H 1
#define HAVE_STDLIB_H 1
#define HAVE_STRING_H 1
#define HAVE_MEMORY_H 1
#define HAVE_STRINGS_H 1
#define HAVE_INTTYPES_H 1
#define HAVE_STDINT_H 1
#define HAVE_UNISTD_H 1
#define HAVE_DLFCN_H 1
#define LT_OBJDIR ".libs/"
#define SIZEOF_SIZE_T 8
#define HAVE_STDDEF_H 1
#define HAVE_STDLIB_H 1
#define HAVE_LOCALE_H 1
#define HAVE_STRING_H 1
#define NEED_SYS_TYPES_H 1
#define HAVE_UNSIGNED_CHAR 1
#define HAVE_UNSIGNED_SHORT 1
#define HAVE_MEMSET 1
#define HAVE_MEMCPY 1
#define JPEG_LIB_VERSION 62
#define MEM_SRCDST_SUPPORTED 1
#define LIBJPEG_TURBO_VERSION 1.5.3
#define LIBJPEG_TURBO_VERSION_NUMBER 1005003
#define INLINE inline __attribute__((always_inline))
#define C_ARITH_CODING_SUPPORTED 1
#define D_ARITH_CODING_SUPPORTED 1
#define BUILD "20190820"

configure: exit 0
